<?xml version="1.0" encoding="UTF-8"?>
<coverage generated="1431494061003" clover="3.2.0">
	<project timestamp="1431494061003"  name="All Files" >
		<metrics statements="5803"  coveredstatements="1488"  conditionals="3688"  coveredconditionals="447"  methods="1226"  coveredmethods="282"  elements="10717"  coveredelements="2217"  complexity="0"  packages="7"  files="15"  classes="15"  loc="25378"  ncloc="25378" />
		<package name="..app.bower_components.angular-mocks" >
			<metrics statements="558"  coveredstatements="171"  conditionals="253"  coveredconditionals="25"  methods="156"  coveredmethods="33" />
			<file name="angular-mocks.js"  path="./app/bower_components/angular-mocks/angular-mocks.js" >
				<metrics statements="558"  coveredstatements="171"  conditionals="253"  coveredconditionals="25"  methods="156"  coveredmethods="33" />
				<line num="6"  count="1"  type="stmt" />
				<line num="17"  count="1"  type="stmt" />
				<line num="32"  count="1"  type="stmt" />
				<line num="33"  count="8"  type="stmt" />
				<line num="34"  count="8"  type="stmt" />
				<line num="38"  count="1"  type="stmt" />
				<line num="39"  count="8"  type="stmt" />
				<line num="41"  count="8"  type="stmt" />
				<line num="42"  count="8"  type="stmt" />
				<line num="43"  count="8"  type="stmt" />
				<line num="44"  count="8"  type="stmt" />
				<line num="47"  count="8"  type="stmt" />
				<line num="48"  count="8"  type="stmt" />
				<line num="53"  count="8"  type="stmt" />
				<line num="54"  count="0"  type="stmt" />
				<line num="56"  count="0"  type="cond"  truecount="0"  falsecount="2" />
				<line num="57"  count="0"  type="stmt" />
				<line num="58"  count="0"  type="stmt" />
				<line num="63"  count="0"  type="stmt" />
				<line num="66"  count="8"  type="stmt" />
				<line num="68"  count="8"  type="stmt" />
				<line num="69"  count="8"  type="stmt" />
				<line num="70"  count="8"  type="stmt" />
				<line num="71"  count="8"  type="stmt" />
				<line num="73"  count="8"  type="stmt" />
				<line num="74"  count="0"  type="cond"  truecount="0"  falsecount="2" />
				<line num="75"  count="0"  type="stmt" />
				<line num="76"  count="0"  type="stmt" />
				<line num="77"  count="0"  type="stmt" />
				<line num="87"  count="8"  type="stmt" />
				<line num="90"  count="8"  type="stmt" />
				<line num="91"  count="0"  type="stmt" />
				<line num="93"  count="0"  type="stmt" />
				<line num="94"  count="0"  type="cond"  truecount="0"  falsecount="2" />
				<line num="97"  count="0"  type="cond"  truecount="0"  falsecount="2" />
				<line num="98"  count="0"  type="stmt" />
				<line num="99"  count="0"  type="stmt" />
				<line num="102"  count="0"  type="stmt" />
				<line num="114"  count="8"  type="stmt" />
				<line num="115"  count="0"  type="cond"  truecount="0"  falsecount="2" />
				<line num="116"  count="0"  type="stmt" />
				<line num="118"  count="0"  type="cond"  truecount="0"  falsecount="2" />
				<line num="119"  count="0"  type="stmt" />
				<line num="121"  count="0"  type="stmt" />
				<line num="125"  count="0"  type="cond"  truecount="0"  falsecount="2" />
				<line num="126"  count="0"  type="stmt" />
				<line num="130"  count="8"  type="stmt" />
				<line num="131"  count="8"  type="stmt" />
				<line num="132"  count="0"  type="stmt" />
				<line num="135"  count="1"  type="stmt" />
				<line num="144"  count="0"  type="stmt" />
				<line num="145"  count="0"  type="stmt" />
				<line num="150"  count="0"  type="stmt" />
				<line num="151"  count="0"  type="stmt" />
				<line num="155"  count="0"  type="cond"  truecount="0"  falsecount="2" />
				<line num="156"  count="0"  type="stmt" />
				<line num="157"  count="0"  type="stmt" />
				<line num="160"  count="0"  type="stmt" />
				<line num="164"  count="0"  type="cond"  truecount="0"  falsecount="2" />
				<line num="165"  count="0"  type="cond"  truecount="0"  falsecount="2" />
				<line num="166"  count="0"  type="stmt" />
				<line num="168"  count="0"  type="cond"  truecount="0"  falsecount="4" />
				<line num="170"  count="0"  type="stmt" />
				<line num="174"  count="0"  type="cond"  truecount="0"  falsecount="2" />
				<line num="175"  count="0"  type="stmt" />
				<line num="176"  count="0"  type="stmt" />
				<line num="178"  count="0"  type="stmt" />
				<line num="183"  count="0"  type="stmt" />
				<line num="231"  count="1"  type="stmt" />
				<line num="232"  count="8"  type="stmt" />
				<line num="251"  count="8"  type="stmt" />
				<line num="252"  count="8"  type="cond"  truecount="1"  falsecount="2" />
				<line num="254"  count="8"  type="stmt" />
				<line num="255"  count="0"  type="stmt" />
				<line num="257"  count="8"  type="stmt" />
				<line num="259"  count="0"  type="stmt" />
				<line num="261"  count="0"  type="stmt" />
				<line num="262"  count="0"  type="cond"  truecount="0"  falsecount="2" />
				<line num="263"  count="0"  type="stmt" />
				<line num="265"  count="0"  type="stmt" />
				<line num="269"  count="0"  type="stmt" />
				<line num="270"  count="0"  type="stmt" />
				<line num="272"  count="0"  type="stmt" />
				<line num="276"  count="8"  type="stmt" />
				<line num="277"  count="4"  type="stmt" />
				<line num="280"  count="8"  type="stmt" />
				<line num="294"  count="1"  type="stmt" />
				<line num="295"  count="8"  type="stmt" />
				<line num="297"  count="1"  type="stmt" />
				<line num="298"  count="0"  type="stmt" />
				<line num="301"  count="8"  type="stmt" />
				<line num="302"  count="0"  type="cond"  truecount="0"  falsecount="2" />
				<line num="303"  count="0"  type="stmt" />
				<line num="304"  count="0"  type="stmt" />
				<line num="306"  count="0"  type="stmt" />
				<line num="310"  count="8"  type="stmt" />
				<line num="311"  count="4"  type="stmt" />
				<line num="312"  count="0"  type="stmt" />
				<line num="313"  count="0"  type="stmt" />
				<line num="314"  count="0"  type="stmt" />
				<line num="315"  count="0"  type="stmt" />
				<line num="317"  count="0"  type="cond"  truecount="0"  falsecount="2" />
				<line num="318"  count="0"  type="stmt" />
				<line num="330"  count="4"  type="stmt" />
				<line num="344"  count="4"  type="stmt" />
				<line num="358"  count="4"  type="stmt" />
				<line num="372"  count="4"  type="stmt" />
				<line num="386"  count="4"  type="stmt" />
				<line num="400"  count="4"  type="stmt" />
				<line num="411"  count="4"  type="stmt" />
				<line num="412"  count="0"  type="stmt" />
				<line num="413"  count="0"  type="stmt" />
				<line num="414"  count="0"  type="stmt" />
				<line num="415"  count="0"  type="stmt" />
				<line num="416"  count="0"  type="stmt" />
				<line num="421"  count="0"  type="cond"  truecount="0"  falsecount="2" />
				<line num="422"  count="0"  type="stmt" />
				<line num="424"  count="0"  type="stmt" />
				<line num="425"  count="0"  type="stmt" />
				<line num="429"  count="4"  type="stmt" />
				<line num="430"  count="4"  type="stmt" />
				<line num="454"  count="1"  type="stmt" />
				<line num="455"  count="8"  type="stmt" />
				<line num="457"  count="0"  type="stmt" />
				<line num="461"  count="0"  type="stmt" />
				<line num="462"  count="0"  type="stmt" />
				<line num="467"  count="0"  type="cond"  truecount="0"  falsecount="2" />
				<line num="468"  count="0"  type="stmt" />
				<line num="470"  count="0"  type="stmt" />
				<line num="472"  count="1"  type="stmt" />
				<line num="473"  count="0"  type="stmt" />
				<line num="475"  count="0"  type="cond"  truecount="0"  falsecount="4" />
				<line num="476"  count="0"  type="stmt" />
				<line num="477"  count="0"  type="stmt" />
				<line num="479"  count="0"  type="stmt" />
				<line num="480"  count="0"  type="cond"  truecount="0"  falsecount="2" />
				<line num="483"  count="0"  type="cond"  truecount="0"  falsecount="2" />
				<line num="484"  count="0"  type="stmt" />
				<line num="488"  count="0"  type="cond"  truecount="0"  falsecount="2" />
				<line num="491"  count="0"  type="stmt" />
				<line num="498"  count="0"  type="stmt" />
				<line num="500"  count="0"  type="stmt" />
				<line num="501"  count="0"  type="stmt" />
				<line num="513"  count="0"  type="stmt" />
				<line num="514"  count="0"  type="cond"  truecount="0"  falsecount="2" />
				<line num="515"  count="0"  type="stmt" />
				<line num="517"  count="0"  type="stmt" />
				<line num="518"  count="0"  type="cond"  truecount="0"  falsecount="2" />
				<line num="521"  count="0"  type="cond"  truecount="0"  falsecount="2" />
				<line num="522"  count="0"  type="stmt" />
				<line num="523"  count="0"  type="stmt" />
				<line num="524"  count="0"  type="stmt" />
				<line num="527"  count="0"  type="stmt" />
				<line num="541"  count="0"  type="stmt" />
				<line num="542"  count="0"  type="stmt" />
				<line num="543"  count="0"  type="cond"  truecount="0"  falsecount="2" />
				<line num="544"  count="0"  type="stmt" />
				<line num="545"  count="0"  type="stmt" />
				<line num="546"  count="0"  type="stmt" />
				<line num="547"  count="0"  type="stmt" />
				<line num="549"  count="0"  type="stmt" />
				<line num="552"  count="0"  type="stmt" />
				<line num="562"  count="1"  type="stmt" />
				<line num="564"  count="1"  type="stmt" />
				<line num="565"  count="0"  type="stmt" />
				<line num="566"  count="0"  type="cond"  truecount="0"  falsecount="2" />
				<line num="567"  count="0"  type="stmt" />
				<line num="570"  count="0"  type="cond"  truecount="0"  falsecount="2" />
				<line num="571"  count="0"  type="stmt" />
				<line num="572"  count="0"  type="stmt" />
				<line num="574"  count="0"  type="stmt" />
				<line num="575"  count="0"  type="cond"  truecount="0"  falsecount="2" />
				<line num="579"  count="0"  type="stmt" />
				<line num="581"  count="0"  type="stmt" />
				<line num="584"  count="1"  type="stmt" />
				<line num="585"  count="0"  type="stmt" />
				<line num="588"  count="1"  type="stmt" />
				<line num="589"  count="0"  type="stmt" />
				<line num="590"  count="0"  type="cond"  truecount="0"  falsecount="2" />
				<line num="591"  count="0"  type="stmt" />
				<line num="592"  count="0"  type="stmt" />
				<line num="594"  count="0"  type="stmt" />
				<line num="595"  count="0"  type="stmt" />
				<line num="596"  count="0"  type="cond"  truecount="0"  falsecount="2" />
				<line num="597"  count="0"  type="stmt" />
				<line num="598"  count="0"  type="stmt" />
				<line num="639"  count="1"  type="stmt" />
				<line num="640"  count="0"  type="stmt" />
				<line num="641"  count="0"  type="cond"  truecount="0"  falsecount="2" />
				<line num="642"  count="0"  type="stmt" />
				<line num="644"  count="0"  type="stmt" />
				<line num="646"  count="0"  type="stmt" />
				<line num="647"  count="0"  type="cond"  truecount="0"  falsecount="2" />
				<line num="648"  count="0"  type="stmt" />
				<line num="653"  count="0"  type="stmt" />
				<line num="656"  count="0"  type="stmt" />
				<line num="657"  count="0"  type="stmt" />
				<line num="658"  count="0"  type="stmt" />
				<line num="660"  count="0"  type="stmt" />
				<line num="661"  count="0"  type="stmt" />
				<line num="664"  count="0"  type="stmt" />
				<line num="665"  count="0"  type="stmt" />
				<line num="668"  count="0"  type="stmt" />
				<line num="669"  count="0"  type="stmt" />
				<line num="672"  count="0"  type="stmt" />
				<line num="673"  count="0"  type="stmt" />
				<line num="676"  count="0"  type="stmt" />
				<line num="677"  count="0"  type="stmt" />
				<line num="680"  count="0"  type="stmt" />
				<line num="681"  count="0"  type="stmt" />
				<line num="684"  count="0"  type="stmt" />
				<line num="685"  count="0"  type="stmt" />
				<line num="688"  count="0"  type="stmt" />
				<line num="689"  count="0"  type="stmt" />
				<line num="692"  count="0"  type="stmt" />
				<line num="693"  count="0"  type="stmt" />
				<line num="696"  count="0"  type="stmt" />
				<line num="697"  count="0"  type="stmt" />
				<line num="700"  count="0"  type="stmt" />
				<line num="701"  count="0"  type="stmt" />
				<line num="704"  count="0"  type="stmt" />
				<line num="705"  count="0"  type="stmt" />
				<line num="708"  count="0"  type="stmt" />
				<line num="709"  count="0"  type="stmt" />
				<line num="712"  count="0"  type="stmt" />
				<line num="713"  count="0"  type="stmt" />
				<line num="716"  count="0"  type="stmt" />
				<line num="717"  count="0"  type="stmt" />
				<line num="720"  count="0"  type="stmt" />
				<line num="721"  count="0"  type="stmt" />
				<line num="724"  count="0"  type="stmt" />
				<line num="725"  count="0"  type="stmt" />
				<line num="728"  count="0"  type="stmt" />
				<line num="729"  count="0"  type="stmt" />
				<line num="733"  count="0"  type="cond"  truecount="0"  falsecount="2" />
				<line num="734"  count="0"  type="stmt" />
				<line num="735"  count="0"  type="stmt" />
				<line num="746"  count="0"  type="stmt" />
				<line num="753"  count="0"  type="stmt" />
				<line num="754"  count="0"  type="stmt" />
				<line num="755"  count="0"  type="stmt" />
				<line num="759"  count="0"  type="stmt" />
				<line num="763"  count="1"  type="stmt" />
				<line num="766"  count="1"  type="stmt" />
				<line num="770"  count="0"  type="stmt" />
				<line num="771"  count="0"  type="stmt" />
				<line num="772"  count="0"  type="stmt" />
				<line num="773"  count="0"  type="stmt" />
				<line num="774"  count="0"  type="stmt" />
				<line num="775"  count="0"  type="stmt" />
				<line num="779"  count="0"  type="stmt" />
				<line num="780"  count="0"  type="stmt" />
				<line num="784"  count="0"  type="stmt" />
				<line num="787"  count="0"  type="stmt" />
				<line num="788"  count="0"  type="stmt" />
				<line num="790"  count="0"  type="stmt" />
				<line num="794"  count="0"  type="stmt" />
				<line num="796"  count="0"  type="stmt" />
				<line num="797"  count="0"  type="stmt" />
				<line num="802"  count="0"  type="stmt" />
				<line num="806"  count="0"  type="stmt" />
				<line num="828"  count="1"  type="stmt" />
				<line num="829"  count="0"  type="stmt" />
				<line num="831"  count="1"  type="stmt" />
				<line num="832"  count="0"  type="stmt" />
				<line num="834"  count="0"  type="cond"  truecount="0"  falsecount="2" />
				<line num="835"  count="0"  type="stmt" />
				<line num="836"  count="0"  type="stmt" />
				<line num="837"  count="0"  type="stmt" />
				<line num="838"  count="0"  type="stmt" />
				<line num="840"  count="0"  type="stmt" />
				<line num="841"  count="0"  type="cond"  truecount="0"  falsecount="2" />
				<line num="842"  count="0"  type="stmt" />
				<line num="843"  count="0"  type="stmt" />
				<line num="844"  count="0"  type="stmt" />
				<line num="846"  count="0"  type="stmt" />
				<line num="847"  count="0"  type="cond"  truecount="0"  falsecount="2" />
				<line num="848"  count="0"  type="cond"  truecount="0"  falsecount="4" />
				<line num="849"  count="0"  type="stmt" />
				<line num="850"  count="0"  type="cond"  truecount="0"  falsecount="2" />
				<line num="851"  count="0"  type="cond"  truecount="0"  falsecount="2" />
				<line num="855"  count="0"  type="stmt" />
				<line num="858"  count="0"  type="stmt" />
				<line num="861"  count="0"  type="stmt" />
				<line num="864"  count="1"  type="stmt" />
				<line num="865"  count="0"  type="cond"  truecount="0"  falsecount="2" />
				<line num="866"  count="0"  type="stmt" />
				<line num="867"  count="0"  type="stmt" />
				<line num="868"  count="0"  type="cond"  truecount="0"  falsecount="4" />
				<line num="869"  count="0"  type="stmt" />
				<line num="872"  count="0"  type="stmt" />
				<line num="873"  count="0"  type="stmt" />
				<line num="874"  count="0"  type="stmt" />
				<line num="875"  count="0"  type="stmt" />
				<line num="877"  count="0"  type="stmt" />
				<line num="878"  count="0"  type="stmt" />
				<line num="1077"  count="1"  type="stmt" />
				<line num="1078"  count="8"  type="stmt" />
				<line num="1095"  count="1"  type="stmt" />
				<line num="1096"  count="1"  type="stmt" />
				<line num="1102"  count="1"  type="stmt" />
				<line num="1103"  count="0"  type="cond"  truecount="0"  falsecount="2" />
				<line num="1105"  count="0"  type="stmt" />
				<line num="1106"  count="0"  type="cond"  truecount="0"  falsecount="2" />
				<line num="1113"  count="1"  type="stmt" />
				<line num="1114"  count="0"  type="stmt" />
				<line num="1118"  count="1"  type="stmt" />
				<line num="1119"  count="0"  type="cond"  truecount="0"  falsecount="5" />
				<line num="1124"  count="1"  type="stmt" />
				<line num="1125"  count="0"  type="cond"  truecount="0"  falsecount="5" />
				<line num="1127"  count="0"  type="stmt" />
				<line num="1129"  count="1"  type="stmt" />
				<line num="1130"  count="0"  type="stmt" />
				<line num="1131"  count="0"  type="stmt" />
				<line num="1132"  count="0"  type="stmt" />
				<line num="1136"  count="1"  type="stmt" />
				<line num="1137"  count="0"  type="stmt" />
				<line num="1138"  count="0"  type="cond"  truecount="0"  falsecount="2" />
				<line num="1139"  count="0"  type="stmt" />
				<line num="1140"  count="0"  type="stmt" />
				<line num="1141"  count="0"  type="stmt" />
				<line num="1147"  count="0"  type="cond"  truecount="0"  falsecount="4" />
				<line num="1148"  count="0"  type="cond"  truecount="0"  falsecount="2" />
				<line num="1149"  count="0"  type="stmt" />
				<line num="1152"  count="0"  type="cond"  truecount="0"  falsecount="2" />
				<line num="1153"  count="0"  type="stmt" />
				<line num="1157"  count="0"  type="stmt" />
				<line num="1159"  count="0"  type="cond"  truecount="0"  falsecount="2" />
				<line num="1160"  count="0"  type="stmt" />
				<line num="1161"  count="0"  type="stmt" />
				<line num="1163"  count="0"  type="stmt" />
				<line num="1166"  count="0"  type="stmt" />
				<line num="1167"  count="0"  type="stmt" />
				<line num="1168"  count="0"  type="cond"  truecount="0"  falsecount="4" />
				<line num="1169"  count="0"  type="cond"  truecount="0"  falsecount="2" />
				<line num="1171"  count="0"  type="cond"  truecount="0"  falsecount="2" />
				<line num="1172"  count="0"  type="cond"  truecount="0"  falsecount="2" />
				<line num="1173"  count="0"  type="stmt" />
				<line num="1174"  count="0"  type="stmt" />
				<line num="1175"  count="0"  type="stmt" />
				<line num="1178"  count="0"  type="cond"  truecount="0"  falsecount="2" />
				<line num="1206"  count="1"  type="stmt" />
				<line num="1207"  count="0"  type="stmt" />
				<line num="1210"  count="0"  type="stmt" />
				<line num="1214"  count="0"  type="cond"  truecount="0"  falsecount="2" />
				<line num="1215"  count="0"  type="stmt" />
				<line num="1216"  count="0"  type="stmt" />
				<line num="1220"  count="0"  type="stmt" />
				<line num="1221"  count="0"  type="stmt" />
				<line num="1312"  count="1"  type="stmt" />
				<line num="1338"  count="1"  type="stmt" />
				<line num="1339"  count="0"  type="stmt" />
				<line num="1340"  count="0"  type="stmt" />
				<line num="1341"  count="0"  type="stmt" />
				<line num="1343"  count="0"  type="stmt" />
				<line num="1440"  count="1"  type="stmt" />
				<line num="1453"  count="1"  type="stmt" />
				<line num="1454"  count="0"  type="stmt" />
				<line num="1455"  count="0"  type="cond"  truecount="0"  falsecount="2" />
				<line num="1457"  count="0"  type="cond"  truecount="0"  falsecount="2" />
				<line num="1458"  count="0"  type="stmt" />
				<line num="1459"  count="0"  type="cond"  truecount="0"  falsecount="2" />
				<line num="1460"  count="0"  type="stmt" />
				<line num="1463"  count="0"  type="stmt" />
				<line num="1464"  count="0"  type="stmt" />
				<line num="1467"  count="0"  type="stmt" />
				<line num="1485"  count="1"  type="stmt" />
				<line num="1486"  count="0"  type="stmt" />
				<line num="1487"  count="0"  type="cond"  truecount="0"  falsecount="2" />
				<line num="1488"  count="0"  type="stmt" />
				<line num="1506"  count="1"  type="stmt" />
				<line num="1507"  count="0"  type="cond"  truecount="0"  falsecount="2" />
				<line num="1508"  count="0"  type="stmt" />
				<line num="1521"  count="1"  type="stmt" />
				<line num="1522"  count="0"  type="stmt" />
				<line num="1523"  count="0"  type="stmt" />
				<line num="1526"  count="1"  type="stmt" />
				<line num="1529"  count="1"  type="stmt" />
				<line num="1530"  count="2"  type="stmt" />
				<line num="1531"  count="8"  type="stmt" />
				<line num="1532"  count="0"  type="stmt" />
				<line num="1536"  count="2"  type="stmt" />
				<line num="1537"  count="6"  type="stmt" />
				<line num="1538"  count="0"  type="stmt" />
				<line num="1544"  count="1"  type="stmt" />
				<line num="1546"  count="0"  type="stmt" />
				<line num="1547"  count="0"  type="stmt" />
				<line num="1549"  count="0"  type="stmt" />
				<line num="1550"  count="0"  type="cond"  truecount="0"  falsecount="2" />
				<line num="1551"  count="0"  type="cond"  truecount="0"  falsecount="2" />
				<line num="1552"  count="0"  type="cond"  truecount="0"  falsecount="4" />
				<line num="1553"  count="0"  type="cond"  truecount="0"  falsecount="4" />
				<line num="1554"  count="0"  type="stmt" />
				<line num="1557"  count="0"  type="stmt" />
				<line num="1558"  count="0"  type="cond"  truecount="0"  falsecount="2" />
				<line num="1559"  count="0"  type="cond"  truecount="0"  falsecount="2" />
				<line num="1560"  count="0"  type="stmt" />
				<line num="1563"  count="0"  type="stmt" />
				<line num="1564"  count="0"  type="cond"  truecount="0"  falsecount="2" />
				<line num="1565"  count="0"  type="cond"  truecount="0"  falsecount="2" />
				<line num="1566"  count="0"  type="stmt" />
				<line num="1569"  count="0"  type="stmt" />
				<line num="1570"  count="0"  type="cond"  truecount="0"  falsecount="2" />
				<line num="1571"  count="0"  type="cond"  truecount="0"  falsecount="4" />
				<line num="1572"  count="0"  type="cond"  truecount="0"  falsecount="4" />
				<line num="1573"  count="0"  type="cond"  truecount="0"  falsecount="4" />
				<line num="1574"  count="0"  type="stmt" />
				<line num="1576"  count="0"  type="stmt" />
				<line num="1579"  count="0"  type="stmt" />
				<line num="1580"  count="0"  type="stmt" />
				<line num="1584"  count="1"  type="stmt" />
				<line num="1585"  count="0"  type="stmt" />
				<line num="1588"  count="1"  type="stmt" />
				<line num="1591"  count="0"  type="stmt" />
				<line num="1593"  count="0"  type="stmt" />
				<line num="1594"  count="0"  type="stmt" />
				<line num="1595"  count="0"  type="stmt" />
				<line num="1596"  count="0"  type="stmt" />
				<line num="1597"  count="0"  type="stmt" />
				<line num="1598"  count="0"  type="stmt" />
				<line num="1601"  count="0"  type="stmt" />
				<line num="1602"  count="0"  type="stmt" />
				<line num="1605"  count="0"  type="stmt" />
				<line num="1606"  count="0"  type="stmt" />
				<line num="1609"  count="0"  type="stmt" />
				<line num="1612"  count="0"  type="stmt" />
				<line num="1613"  count="0"  type="cond"  truecount="0"  falsecount="2" />
				<line num="1615"  count="0"  type="stmt" />
				<line num="1616"  count="0"  type="stmt" />
				<line num="1617"  count="0"  type="cond"  truecount="0"  falsecount="2" />
				<line num="1619"  count="0"  type="stmt" />
				<line num="1620"  count="0"  type="stmt" />
				<line num="1621"  count="0"  type="cond"  truecount="0"  falsecount="4" />
				<line num="1623"  count="0"  type="stmt" />
				<line num="1626"  count="0"  type="stmt" />
				<line num="1627"  count="0"  type="stmt" />
				<line num="1629"  count="0"  type="stmt" />
				<line num="1630"  count="0"  type="stmt" />
				<line num="1632"  count="0"  type="stmt" />
				<line num="1635"  count="0"  type="stmt" />
				<line num="1648"  count="1"  type="stmt" />
				<line num="1659"  count="1"  type="stmt" />
				<line num="1660"  count="0"  type="stmt" />
				<line num="1670"  count="1"  type="stmt" />
				<line num="1671"  count="0"  type="cond"  truecount="0"  falsecount="2" />
				<line num="1672"  count="0"  type="stmt" />
				<line num="1677"  count="1"  type="stmt" />
				<line num="1678"  count="0"  type="stmt" />
				<line num="1679"  count="0"  type="stmt" />
				<line num="1680"  count="0"  type="stmt" />
				<line num="1683"  count="0"  type="stmt" />
				<line num="1686"  count="1"  type="stmt" />
				<line num="1689"  count="1"  type="stmt" />
				<line num="1690"  count="1"  type="stmt" />
				<line num="1691"  count="1"  type="stmt" />
				<line num="1692"  count="0"  type="stmt" />
				<line num="1693"  count="0"  type="stmt" />
				<line num="1694"  count="0"  type="stmt" />
				<line num="1695"  count="0"  type="stmt" />
				<line num="1699"  count="1"  type="stmt" />
				<line num="1701"  count="1"  type="stmt" />
				<line num="1702"  count="0"  type="cond"  truecount="0"  falsecount="2" />
				<line num="1703"  count="0"  type="stmt" />
				<line num="1706"  count="0"  type="stmt" />
				<line num="1707"  count="0"  type="stmt" />
				<line num="1708"  count="0"  type="stmt" />
				<line num="1711"  count="0"  type="stmt" />
				<line num="1714"  count="1"  type="stmt" />
				<line num="1717"  count="1"  type="stmt" />
				<line num="1718"  count="1"  type="stmt" />
				<line num="1719"  count="1"  type="stmt" />
				<line num="1720"  count="0"  type="stmt" />
				<line num="1722"  count="1"  type="stmt" />
				<line num="1723"  count="0"  type="stmt" />
				<line num="1724"  count="0"  type="stmt" />
				<line num="1726"  count="0"  type="stmt" />
				<line num="1728"  count="1"  type="stmt" />
				<line num="1734"  count="1"  type="stmt" />
				<line num="1735"  count="8"  type="stmt" />
				<line num="1736"  count="8"  type="stmt" />
				<line num="1756"  count="1"  type="stmt" />
				<line num="1764"  count="8"  type="stmt" />
				<line num="1765"  count="8"  type="stmt" />
				<line num="1766"  count="8"  type="stmt" />
				<line num="1780"  count="1"  type="stmt" />
				<line num="1781"  count="0"  type="stmt" />
				<line num="1953"  count="1"  type="stmt" />
				<line num="1954"  count="1"  type="stmt" />
				<line num="1958"  count="1"  type="stmt" />
				<line num="1959"  count="8"  type="stmt" />
				<line num="1962"  count="8"  type="stmt" />
				<line num="1963"  count="3"  type="cond"  truecount="1"  falsecount="1" />
				<line num="1964"  count="3"  type="stmt" />
				<line num="1966"  count="3"  type="cond"  truecount="2"  falsecount="0" />
				<line num="1967"  count="3"  type="stmt" />
				<line num="1973"  count="1"  type="cond"  truecount="2"  falsecount="2" />
				<line num="1975"  count="1"  type="stmt" />
				<line num="1977"  count="14"  type="stmt" />
				<line num="1981"  count="1"  type="cond"  truecount="1"  falsecount="1" />
				<line num="1982"  count="8"  type="stmt" />
				<line num="1985"  count="1"  type="cond"  truecount="1"  falsecount="1" />
				<line num="1986"  count="8"  type="stmt" />
				<line num="1988"  count="8"  type="stmt" />
				<line num="1989"  count="26"  type="cond"  truecount="4"  falsecount="0" />
				<line num="1990"  count="2"  type="stmt" />
				<line num="1994"  count="8"  type="stmt" />
				<line num="1995"  count="8"  type="stmt" />
				<line num="1996"  count="8"  type="stmt" />
				<line num="1998"  count="8"  type="cond"  truecount="1"  falsecount="1" />
				<line num="1999"  count="8"  type="stmt" />
				<line num="2000"  count="8"  type="stmt" />
				<line num="2003"  count="8"  type="stmt" />
				<line num="2006"  count="8"  type="stmt" />
				<line num="2007"  count="0"  type="stmt" />
				<line num="2010"  count="8"  type="stmt" />
				<line num="2012"  count="8"  type="stmt" />
				<line num="2013"  count="8"  type="stmt" />
				<line num="2015"  count="8"  type="stmt" />
				<line num="2037"  count="1"  type="stmt" />
				<line num="2038"  count="8"  type="stmt" />
				<line num="2039"  count="8"  type="cond"  truecount="2"  falsecount="0" />
				<line num="2041"  count="1"  type="stmt" />
				<line num="2042"  count="10"  type="cond"  truecount="1"  falsecount="1" />
				<line num="2043"  count="0"  type="stmt" />
				<line num="2045"  count="10"  type="cond"  truecount="2"  falsecount="0" />
				<line num="2046"  count="10"  type="stmt" />
				<line num="2047"  count="10"  type="cond"  truecount="2"  falsecount="2" />
				<line num="2048"  count="0"  type="stmt" />
				<line num="2049"  count="0"  type="stmt" />
				<line num="2050"  count="0"  type="stmt" />
				<line num="2054"  count="10"  type="stmt" />
				<line num="2149"  count="1"  type="stmt" />
				<line num="2150"  count="0"  type="stmt" />
				<line num="2151"  count="0"  type="stmt" />
				<line num="2152"  count="0"  type="cond"  truecount="0"  falsecount="2" />
				<line num="2153"  count="0"  type="cond"  truecount="0"  falsecount="2" />
				<line num="2154"  count="0"  type="cond"  truecount="0"  falsecount="4" />
				<line num="2155"  count="0"  type="stmt" />
				<line num="2156"  count="0"  type="cond"  truecount="0"  falsecount="2" />
				<line num="2158"  count="1"  type="stmt" />
				<line num="2160"  count="1"  type="stmt" />
				<line num="2161"  count="6"  type="stmt" />
				<line num="2162"  count="6"  type="stmt" />
				<line num="2163"  count="6"  type="cond"  truecount="2"  falsecount="0" />
				<line num="2165"  count="1"  type="stmt" />
				<line num="2166"  count="8"  type="cond"  truecount="1"  falsecount="1" />
				<line num="2168"  count="8"  type="stmt" />
				<line num="2169"  count="8"  type="stmt" />
				<line num="2170"  count="8"  type="stmt" />
				<line num="2171"  count="8"  type="cond"  truecount="1"  falsecount="1" />
				<line num="2172"  count="8"  type="stmt" />
				<line num="2174"  count="8"  type="stmt" />
				<line num="2175"  count="8"  type="stmt" />
				<line num="2177"  count="8"  type="cond"  truecount="1"  falsecount="1" />
				<line num="2180"  count="0"  type="cond"  truecount="0"  falsecount="4" />
				<line num="2181"  count="0"  type="stmt" />
				<line num="2183"  count="0"  type="stmt" />
				<line num="2185"  count="8"  type="stmt" />
			</file>
		</package>
		<package name="..app.bower_components.angular-route" >
			<metrics statements="153"  coveredstatements="33"  conditionals="111"  coveredconditionals="5"  methods="32"  coveredmethods="5" />
			<file name="angular-route.js"  path="./app/bower_components/angular-route/angular-route.js" >
				<metrics statements="153"  coveredstatements="33"  conditionals="111"  coveredconditionals="5"  methods="32"  coveredmethods="5" />
				<line num="6"  count="1"  type="stmt" />
				<line num="24"  count="1"  type="stmt" />
				<line num="42"  count="1"  type="stmt" />
				<line num="43"  count="1"  type="stmt" />
				<line num="44"  count="0"  type="stmt" />
				<line num="47"  count="5"  type="stmt" />
				<line num="148"  count="5"  type="stmt" />
				<line num="149"  count="5"  type="stmt" />
				<line num="156"  count="5"  type="cond"  truecount="1"  falsecount="1" />
				<line num="157"  count="5"  type="cond"  truecount="1"  falsecount="1" />
				<line num="161"  count="5"  type="stmt" />
				<line num="167"  count="5"  type="stmt" />
				<line num="181"  count="1"  type="stmt" />
				<line num="182"  count="10"  type="stmt" />
				<line num="189"  count="10"  type="stmt" />
				<line num="192"  count="0"  type="cond"  truecount="0"  falsecount="2" />
				<line num="193"  count="0"  type="cond"  truecount="0"  falsecount="2" />
				<line num="194"  count="0"  type="stmt" />
				<line num="195"  count="0"  type="cond"  truecount="0"  falsecount="2" />
				<line num="196"  count="0"  type="stmt" />
				<line num="207"  count="10"  type="cond"  truecount="1"  falsecount="1" />
				<line num="208"  count="10"  type="stmt" />
				<line num="222"  count="5"  type="stmt" />
				<line num="223"  count="0"  type="stmt" />
				<line num="224"  count="0"  type="stmt" />
				<line num="228"  count="5"  type="stmt" />
				<line num="423"  count="0"  type="stmt" />
				<line num="439"  count="0"  type="stmt" />
				<line num="440"  count="0"  type="stmt" />
				<line num="444"  count="0"  type="stmt" />
				<line num="446"  count="0"  type="stmt" />
				<line num="461"  count="1"  type="stmt" />
				<line num="462"  count="0"  type="stmt" />
				<line num="465"  count="0"  type="cond"  truecount="0"  falsecount="2" />
				<line num="467"  count="0"  type="stmt" />
				<line num="468"  count="0"  type="cond"  truecount="0"  falsecount="2" />
				<line num="470"  count="0"  type="stmt" />
				<line num="471"  count="0"  type="stmt" />
				<line num="473"  count="0"  type="stmt" />
				<line num="475"  count="0"  type="cond"  truecount="0"  falsecount="4" />
				<line num="476"  count="0"  type="stmt" />
				<line num="479"  count="0"  type="stmt" />
				<line num="482"  count="1"  type="stmt" />
				<line num="483"  count="0"  type="stmt" />
				<line num="486"  count="0"  type="cond"  truecount="0"  falsecount="8" />
				<line num="489"  count="0"  type="stmt" />
				<line num="490"  count="0"  type="stmt" />
				<line num="491"  count="0"  type="stmt" />
				<line num="492"  count="0"  type="cond"  truecount="0"  falsecount="4" />
				<line num="493"  count="0"  type="stmt" />
				<line num="494"  count="0"  type="stmt" />
				<line num="495"  count="0"  type="stmt" />
				<line num="496"  count="0"  type="cond"  truecount="0"  falsecount="2" />
				<line num="497"  count="0"  type="cond"  truecount="0"  falsecount="2" />
				<line num="498"  count="0"  type="cond"  truecount="0"  falsecount="2" />
				<line num="499"  count="0"  type="stmt" />
				<line num="502"  count="0"  type="stmt" />
				<line num="508"  count="0"  type="stmt" />
				<line num="510"  count="0"  type="cond"  truecount="0"  falsecount="2" />
				<line num="511"  count="0"  type="stmt" />
				<line num="514"  count="0"  type="stmt" />
				<line num="515"  count="0"  type="cond"  truecount="0"  falsecount="2" />
				<line num="519"  count="0"  type="cond"  truecount="0"  falsecount="2" />
				<line num="520"  count="0"  type="cond"  truecount="0"  falsecount="2" />
				<line num="521"  count="0"  type="stmt" />
				<line num="523"  count="0"  type="cond"  truecount="0"  falsecount="2" />
				<line num="524"  count="0"  type="cond"  truecount="0"  falsecount="2" />
				<line num="525"  count="0"  type="stmt" />
				<line num="527"  count="0"  type="stmt" />
				<line num="528"  count="0"  type="cond"  truecount="0"  falsecount="2" />
				<line num="529"  count="0"  type="stmt" />
				<line num="530"  count="0"  type="stmt" />
				<line num="531"  count="0"  type="stmt" />
				<line num="534"  count="0"  type="cond"  truecount="0"  falsecount="2" />
				<line num="535"  count="0"  type="stmt" />
				<line num="537"  count="0"  type="stmt" />
				<line num="542"  count="0"  type="cond"  truecount="0"  falsecount="2" />
				<line num="543"  count="0"  type="cond"  truecount="0"  falsecount="2" />
				<line num="544"  count="0"  type="stmt" />
				<line num="545"  count="0"  type="stmt" />
				<line num="547"  count="0"  type="stmt" />
				<line num="550"  count="0"  type="cond"  truecount="0"  falsecount="2" />
				<line num="551"  count="0"  type="stmt" />
				<line num="561"  count="1"  type="stmt" />
				<line num="563"  count="0"  type="stmt" />
				<line num="564"  count="0"  type="stmt" />
				<line num="565"  count="0"  type="cond"  truecount="0"  falsecount="4" />
				<line num="566"  count="0"  type="stmt" />
				<line num="569"  count="0"  type="stmt" />
				<line num="573"  count="0"  type="cond"  truecount="0"  falsecount="3" />
				<line num="579"  count="1"  type="stmt" />
				<line num="580"  count="0"  type="stmt" />
				<line num="581"  count="0"  type="cond"  truecount="0"  falsecount="2" />
				<line num="582"  count="0"  type="cond"  truecount="0"  falsecount="2" />
				<line num="583"  count="0"  type="stmt" />
				<line num="585"  count="0"  type="stmt" />
				<line num="586"  count="0"  type="stmt" />
				<line num="587"  count="0"  type="stmt" />
				<line num="588"  count="0"  type="cond"  truecount="0"  falsecount="2" />
				<line num="589"  count="0"  type="stmt" />
				<line num="592"  count="0"  type="stmt" />
				<line num="597"  count="1"  type="stmt" />
				<line num="633"  count="1"  type="stmt" />
				<line num="634"  count="5"  type="stmt" />
				<line num="637"  count="1"  type="stmt" />
				<line num="638"  count="1"  type="stmt" />
				<line num="816"  count="1"  type="stmt" />
				<line num="817"  count="1"  type="stmt" />
				<line num="818"  count="0"  type="stmt" />
				<line num="824"  count="0"  type="stmt" />
				<line num="830"  count="0"  type="stmt" />
				<line num="831"  count="0"  type="stmt" />
				<line num="833"  count="1"  type="stmt" />
				<line num="834"  count="0"  type="cond"  truecount="0"  falsecount="2" />
				<line num="835"  count="0"  type="stmt" />
				<line num="836"  count="0"  type="stmt" />
				<line num="838"  count="0"  type="cond"  truecount="0"  falsecount="2" />
				<line num="839"  count="0"  type="stmt" />
				<line num="840"  count="0"  type="stmt" />
				<line num="842"  count="0"  type="cond"  truecount="0"  falsecount="2" />
				<line num="843"  count="0"  type="stmt" />
				<line num="844"  count="0"  type="stmt" />
				<line num="846"  count="0"  type="stmt" />
				<line num="847"  count="0"  type="stmt" />
				<line num="851"  count="1"  type="stmt" />
				<line num="852"  count="0"  type="cond"  truecount="0"  falsecount="2" />
				<line num="855"  count="0"  type="cond"  truecount="0"  falsecount="2" />
				<line num="856"  count="0"  type="stmt" />
				<line num="857"  count="0"  type="stmt" />
				<line num="865"  count="0"  type="stmt" />
				<line num="866"  count="0"  type="cond"  truecount="0"  falsecount="2" />
				<line num="867"  count="0"  type="cond"  truecount="0"  falsecount="5" />
				<line num="869"  count="0"  type="stmt" />
				<line num="872"  count="0"  type="stmt" />
				<line num="875"  count="0"  type="stmt" />
				<line num="876"  count="0"  type="stmt" />
				<line num="877"  count="0"  type="stmt" />
				<line num="878"  count="0"  type="stmt" />
				<line num="880"  count="0"  type="stmt" />
				<line num="892"  count="1"  type="stmt" />
				<line num="893"  count="1"  type="stmt" />
				<line num="894"  count="0"  type="stmt" />
				<line num="898"  count="0"  type="stmt" />
				<line num="901"  count="0"  type="stmt" />
				<line num="903"  count="0"  type="stmt" />
				<line num="905"  count="0"  type="cond"  truecount="0"  falsecount="2" />
				<line num="906"  count="0"  type="stmt" />
				<line num="907"  count="0"  type="stmt" />
				<line num="908"  count="0"  type="cond"  truecount="0"  falsecount="2" />
				<line num="909"  count="0"  type="stmt" />
				<line num="911"  count="0"  type="stmt" />
				<line num="912"  count="0"  type="stmt" />
				<line num="915"  count="0"  type="stmt" />
			</file>
		</package>
		<package name="..app.bower_components.angular" >
			<metrics statements="5032"  coveredstatements="1224"  conditionals="3324"  coveredconditionals="417"  methods="1004"  coveredmethods="210" />
			<file name="angular.js"  path="./app/bower_components/angular/angular.js" >
				<metrics statements="5032"  coveredstatements="1224"  conditionals="3324"  coveredconditionals="417"  methods="1004"  coveredmethods="210" />
				<line num="6"  count="1"  type="stmt" />
				<line num="36"  count="1"  type="stmt" />
				<line num="37"  count="20"  type="stmt" />
				<line num="38"  count="1"  type="stmt" />
				<line num="43"  count="1"  type="cond"  truecount="1"  falsecount="1" />
				<line num="44"  count="0"  type="stmt" />
				<line num="45"  count="1"  type="cond"  truecount="1"  falsecount="1" />
				<line num="46"  count="0"  type="stmt" />
				<line num="47"  count="1"  type="cond"  truecount="1"  falsecount="1" />
				<line num="48"  count="0"  type="stmt" />
				<line num="50"  count="1"  type="stmt" />
				<line num="54"  count="1"  type="stmt" />
				<line num="55"  count="1"  type="stmt" />
				<line num="57"  count="1"  type="cond"  truecount="1"  falsecount="1" />
				<line num="58"  count="1"  type="stmt" />
				<line num="59"  count="1"  type="cond"  truecount="1"  falsecount="1" />
				<line num="60"  count="0"  type="stmt" />
				<line num="61"  count="1"  type="cond"  truecount="1"  falsecount="1" />
				<line num="62"  count="0"  type="stmt" />
				<line num="63"  count="1"  type="cond"  truecount="1"  falsecount="1" />
				<line num="64"  count="0"  type="stmt" />
				<line num="66"  count="1"  type="stmt" />
				<line num="68"  count="0"  type="stmt" />
				<line num="71"  count="1"  type="stmt" />
				<line num="73"  count="1"  type="stmt" />
				<line num="74"  count="1"  type="cond"  truecount="1"  falsecount="1" />
				<line num="78"  count="1"  type="stmt" />
				<line num="186"  count="1"  type="stmt" />
				<line num="198"  count="18"  type="cond"  truecount="1"  falsecount="1" />
				<line num="199"  count="1"  type="stmt" />
				<line num="211"  count="7"  type="cond"  truecount="1"  falsecount="1" />
				<line num="214"  count="1"  type="stmt" />
				<line num="216"  count="0"  type="cond"  truecount="0"  falsecount="2" />
				<line num="217"  count="0"  type="stmt" />
				<line num="220"  count="1"  type="stmt" />
				<line num="222"  count="0"  type="cond"  truecount="0"  falsecount="2" />
				<line num="223"  count="0"  type="stmt" />
				<line num="231"  count="1"  type="cond"  truecount="1"  falsecount="1" />
				<line num="232"  count="0"  type="stmt" />
				<line num="233"  count="0"  type="stmt" />
				<line num="237"  count="1"  type="stmt" />
				<line num="256"  count="1"  type="cond"  truecount="2"  falsecount="0" />
				<line num="257"  count="1"  type="cond"  truecount="1"  falsecount="1" />
				<line num="258"  count="1"  type="cond"  truecount="2"  falsecount="0" />
				<line num="268"  count="1"  type="stmt" />
				<line num="269"  count="130"  type="cond"  truecount="3"  falsecount="1" />
				<line num="270"  count="0"  type="stmt" />
				<line num="273"  count="130"  type="stmt" />
				<line num="275"  count="130"  type="cond"  truecount="2"  falsecount="2" />
				<line num="276"  count="0"  type="stmt" />
				<line num="279"  count="130"  type="cond"  truecount="6"  falsecount="0" />
				<line num="312"  count="1"  type="stmt" />
				<line num="313"  count="256"  type="stmt" />
				<line num="314"  count="256"  type="cond"  truecount="2"  falsecount="0" />
				<line num="315"  count="244"  type="cond"  truecount="1"  falsecount="1" />
				<line num="316"  count="0"  type="stmt" />
				<line num="319"  count="0"  type="cond"  truecount="0"  falsecount="7" />
				<line num="320"  count="0"  type="stmt" />
				<line num="323"  count="244"  type="cond"  truecount="4"  falsecount="0" />
				<line num="324"  count="154"  type="stmt" />
				<line num="325"  count="224"  type="stmt" />
				<line num="327"  count="90"  type="cond"  truecount="3"  falsecount="1" />
				<line num="328"  count="0"  type="stmt" />
				<line num="330"  count="90"  type="stmt" />
				<line num="331"  count="906"  type="cond"  truecount="1"  falsecount="1" />
				<line num="332"  count="906"  type="stmt" />
				<line num="337"  count="256"  type="stmt" />
				<line num="340"  count="1"  type="stmt" />
				<line num="341"  count="0"  type="stmt" />
				<line num="342"  count="0"  type="stmt" />
				<line num="343"  count="0"  type="cond"  truecount="0"  falsecount="2" />
				<line num="344"  count="0"  type="stmt" />
				<line num="347"  count="0"  type="stmt" />
				<line num="350"  count="1"  type="stmt" />
				<line num="351"  count="0"  type="stmt" />
				<line num="352"  count="0"  type="stmt" />
				<line num="353"  count="0"  type="stmt" />
				<line num="355"  count="0"  type="stmt" />
				<line num="364"  count="1"  type="stmt" />
				<line num="365"  count="776"  type="stmt" />
				<line num="376"  count="1"  type="stmt" />
				<line num="377"  count="7"  type="stmt" />
				<line num="378"  count="7"  type="stmt" />
				<line num="380"  count="7"  type="stmt" />
				<line num="381"  count="7"  type="stmt" />
				<line num="382"  count="7"  type="stmt" />
				<line num="383"  count="7"  type="cond"  truecount="1"  falsecount="1" />
				<line num="384"  count="0"  type="stmt" />
				<line num="385"  count="0"  type="stmt" />
				<line num="387"  count="7"  type="cond"  truecount="1"  falsecount="1" />
				<line num="388"  count="0"  type="stmt" />
				<line num="390"  count="7"  type="stmt" />
				<line num="391"  count="7"  type="stmt" />
				<line num="394"  count="0"  type="stmt" />
				<line num="395"  count="0"  type="stmt" />
				<line num="404"  count="1"  type="stmt" />
				<line num="405"  count="14"  type="cond"  truecount="1"  falsecount="1" />
				<line num="406"  count="0"  type="stmt" />
				<line num="409"  count="14"  type="stmt" />
				<line num="427"  count="1"  type="stmt" />
				<line num="428"  count="14"  type="stmt" />
				<line num="429"  count="14"  type="stmt" />
				<line num="430"  count="35"  type="cond"  truecount="2"  falsecount="0" />
				<line num="431"  count="21"  type="stmt" />
				<line num="432"  count="70"  type="stmt" />
				<line num="437"  count="14"  type="stmt" />
				<line num="438"  count="14"  type="stmt" />
				<line num="441"  count="1"  type="stmt" />
				<line num="442"  count="6"  type="stmt" />
				<line num="446"  count="1"  type="stmt" />
				<line num="447"  count="0"  type="stmt" />
				<line num="466"  count="1"  type="stmt" />
				<line num="467"  count="1"  type="stmt" />
				<line num="486"  count="1"  type="stmt" />
				<line num="487"  count="1"  type="stmt" />
				<line num="490"  count="28"  type="stmt" />
				<line num="504"  count="31"  type="stmt" />
				<line num="519"  count="111"  type="stmt" />
				<line num="535"  count="1045"  type="cond"  truecount="2"  falsecount="0" />
				<line num="550"  count="919"  type="stmt" />
				<line num="565"  count="1"  type="stmt" />
				<line num="580"  count="1"  type="stmt" />
				<line num="581"  count="0"  type="stmt" />
				<line num="597"  count="1"  type="stmt" />
				<line num="598"  count="1"  type="cond"  truecount="1"  falsecount="1" />
				<line num="599"  count="0"  type="stmt" />
				<line num="600"  count="0"  type="stmt" />
				<line num="603"  count="1"  type="stmt" />
				<line num="618"  count="1499"  type="stmt" />
				<line num="628"  count="1"  type="stmt" />
				<line num="629"  count="0"  type="stmt" />
				<line num="640"  count="1"  type="stmt" />
				<line num="641"  count="143"  type="cond"  truecount="5"  falsecount="0" />
				<line num="645"  count="1"  type="stmt" />
				<line num="646"  count="0"  type="cond"  truecount="0"  falsecount="3" />
				<line num="650"  count="1"  type="stmt" />
				<line num="651"  count="0"  type="stmt" />
				<line num="655"  count="1"  type="stmt" />
				<line num="656"  count="0"  type="stmt" />
				<line num="660"  count="1"  type="stmt" />
				<line num="661"  count="0"  type="stmt" />
				<line num="665"  count="1"  type="stmt" />
				<line num="666"  count="0"  type="cond"  truecount="0"  falsecount="2" />
				<line num="670"  count="1"  type="stmt" />
				<line num="674"  count="1"  type="cond"  truecount="1"  falsecount="1" />
				<line num="675"  count="0"  type="stmt" />
				<line num="676"  count="0"  type="cond"  truecount="0"  falsecount="2" />
				<line num="679"  count="1"  type="stmt" />
				<line num="680"  count="22"  type="cond"  truecount="1"  falsecount="1" />
				<line num="697"  count="1"  type="stmt" />
				<line num="698"  count="0"  type="cond"  truecount="0"  falsecount="5" />
				<line num="707"  count="1"  type="stmt" />
				<line num="708"  count="0"  type="stmt" />
				<line num="709"  count="0"  type="stmt" />
				<line num="710"  count="0"  type="stmt" />
				<line num="711"  count="0"  type="stmt" />
				<line num="715"  count="1"  type="cond"  truecount="1"  falsecount="1" />
				<line num="716"  count="0"  type="stmt" />
				<line num="717"  count="0"  type="cond"  truecount="0"  falsecount="2" />
				<line num="718"  count="0"  type="cond"  truecount="0"  falsecount="4" />
				<line num="722"  count="1"  type="stmt" />
				<line num="723"  count="1"  type="cond"  truecount="1"  falsecount="1" />
				<line num="728"  count="1"  type="stmt" />
				<line num="729"  count="0"  type="stmt" />
				<line num="730"  count="0"  type="stmt" />
				<line num="731"  count="0"  type="stmt" />
				<line num="733"  count="0"  type="stmt" />
				<line num="749"  count="1"  type="stmt" />
				<line num="750"  count="0"  type="stmt" />
				<line num="752"  count="0"  type="cond"  truecount="0"  falsecount="4" />
				<line num="753"  count="0"  type="stmt" />
				<line num="754"  count="0"  type="cond"  truecount="0"  falsecount="2" />
				<line num="755"  count="0"  type="stmt" />
				<line num="756"  count="0"  type="cond"  truecount="0"  falsecount="4" />
				<line num="757"  count="0"  type="stmt" />
				<line num="760"  count="0"  type="stmt" />
				<line num="764"  count="1"  type="stmt" />
				<line num="765"  count="0"  type="stmt" />
				<line num="768"  count="1"  type="stmt" />
				<line num="769"  count="0"  type="cond"  truecount="0"  falsecount="2" />
				<line num="771"  count="0"  type="stmt" />
				<line num="772"  count="0"  type="cond"  truecount="0"  falsecount="2" />
				<line num="774"  count="0"  type="stmt" />
				<line num="777"  count="1"  type="stmt" />
				<line num="778"  count="0"  type="stmt" />
				<line num="779"  count="0"  type="cond"  truecount="0"  falsecount="2" />
				<line num="780"  count="0"  type="stmt" />
				<line num="781"  count="0"  type="stmt" />
				<line num="784"  count="1"  type="stmt" />
				<line num="785"  count="0"  type="cond"  truecount="0"  falsecount="2" />
				<line num="786"  count="0"  type="cond"  truecount="0"  falsecount="3" />
				<line num="790"  count="0"  type="stmt" />
				<line num="793"  count="0"  type="stmt" />
				<line num="854"  count="1"  type="stmt" />
				<line num="855"  count="0"  type="cond"  truecount="0"  falsecount="4" />
				<line num="856"  count="0"  type="stmt" />
				<line num="860"  count="0"  type="cond"  truecount="0"  falsecount="2" />
				<line num="861"  count="0"  type="stmt" />
				<line num="862"  count="0"  type="cond"  truecount="0"  falsecount="2" />
				<line num="863"  count="0"  type="cond"  truecount="0"  falsecount="2" />
				<line num="864"  count="0"  type="stmt" />
				<line num="865"  count="0"  type="cond"  truecount="0"  falsecount="2" />
				<line num="866"  count="0"  type="stmt" />
				<line num="867"  count="0"  type="cond"  truecount="0"  falsecount="2" />
				<line num="868"  count="0"  type="stmt" />
				<line num="869"  count="0"  type="stmt" />
				<line num="870"  count="0"  type="cond"  truecount="0"  falsecount="2" />
				<line num="871"  count="0"  type="stmt" />
				<line num="875"  count="0"  type="cond"  truecount="0"  falsecount="2" />
				<line num="878"  count="0"  type="cond"  truecount="0"  falsecount="2" />
				<line num="879"  count="0"  type="cond"  truecount="0"  falsecount="2" />
				<line num="881"  count="0"  type="cond"  truecount="0"  falsecount="2" />
				<line num="882"  count="0"  type="stmt" />
				<line num="883"  count="0"  type="cond"  truecount="0"  falsecount="2" />
				<line num="885"  count="0"  type="stmt" />
				<line num="886"  count="0"  type="stmt" />
				<line num="889"  count="0"  type="stmt" />
				<line num="890"  count="0"  type="cond"  truecount="0"  falsecount="2" />
				<line num="891"  count="0"  type="stmt" />
				<line num="892"  count="0"  type="stmt" />
				<line num="893"  count="0"  type="stmt" />
				<line num="894"  count="0"  type="cond"  truecount="0"  falsecount="2" />
				<line num="895"  count="0"  type="stmt" />
				<line num="896"  count="0"  type="stmt" />
				<line num="898"  count="0"  type="stmt" />
				<line num="901"  count="0"  type="stmt" />
				<line num="902"  count="0"  type="cond"  truecount="0"  falsecount="2" />
				<line num="903"  count="0"  type="stmt" />
				<line num="905"  count="0"  type="stmt" />
				<line num="906"  count="0"  type="stmt" />
				<line num="909"  count="0"  type="stmt" />
				<line num="910"  count="0"  type="stmt" />
				<line num="911"  count="0"  type="cond"  truecount="0"  falsecount="2" />
				<line num="912"  count="0"  type="stmt" />
				<line num="913"  count="0"  type="stmt" />
				<line num="915"  count="0"  type="stmt" />
				<line num="917"  count="0"  type="stmt" />
				<line num="921"  count="0"  type="stmt" />
				<line num="927"  count="1"  type="stmt" />
				<line num="928"  count="27"  type="cond"  truecount="2"  falsecount="0" />
				<line num="929"  count="2"  type="cond"  truecount="2"  falsecount="0" />
				<line num="931"  count="2"  type="stmt" />
				<line num="932"  count="2"  type="stmt" />
				<line num="934"  count="25"  type="cond"  truecount="1"  falsecount="1" />
				<line num="935"  count="25"  type="cond"  truecount="2"  falsecount="0" />
				<line num="937"  count="25"  type="stmt" />
				<line num="938"  count="29"  type="cond"  truecount="4"  falsecount="2" />
				<line num="939"  count="29"  type="stmt" />
				<line num="944"  count="27"  type="cond"  truecount="1"  falsecount="1" />
				<line num="977"  count="1"  type="stmt" />
				<line num="978"  count="0"  type="cond"  truecount="0"  falsecount="2" />
				<line num="979"  count="0"  type="cond"  truecount="0"  falsecount="4" />
				<line num="980"  count="0"  type="cond"  truecount="0"  falsecount="4" />
				<line num="981"  count="0"  type="stmt" />
				<line num="982"  count="0"  type="cond"  truecount="0"  falsecount="2" />
				<line num="983"  count="0"  type="cond"  truecount="0"  falsecount="2" />
				<line num="984"  count="0"  type="cond"  truecount="0"  falsecount="2" />
				<line num="985"  count="0"  type="cond"  truecount="0"  falsecount="2" />
				<line num="986"  count="0"  type="cond"  truecount="0"  falsecount="2" />
				<line num="987"  count="0"  type="stmt" />
				<line num="988"  count="0"  type="cond"  truecount="0"  falsecount="2" />
				<line num="990"  count="0"  type="stmt" />
				<line num="992"  count="0"  type="cond"  truecount="0"  falsecount="2" />
				<line num="993"  count="0"  type="cond"  truecount="0"  falsecount="2" />
				<line num="994"  count="0"  type="cond"  truecount="0"  falsecount="3" />
				<line num="995"  count="0"  type="cond"  truecount="0"  falsecount="4" />
				<line num="996"  count="0"  type="stmt" />
				<line num="998"  count="0"  type="cond"  truecount="0"  falsecount="7" />
				<line num="999"  count="0"  type="stmt" />
				<line num="1000"  count="0"  type="stmt" />
				<line num="1001"  count="0"  type="cond"  truecount="0"  falsecount="4" />
				<line num="1002"  count="0"  type="cond"  truecount="0"  falsecount="2" />
				<line num="1003"  count="0"  type="stmt" />
				<line num="1005"  count="0"  type="stmt" />
				<line num="1006"  count="0"  type="cond"  truecount="0"  falsecount="6" />
				<line num="1009"  count="0"  type="stmt" />
				<line num="1011"  count="0"  type="stmt" />
				<line num="1015"  count="0"  type="stmt" />
				<line num="1018"  count="1"  type="stmt" />
				<line num="1019"  count="5"  type="cond"  truecount="2"  falsecount="0" />
				<line num="1021"  count="1"  type="cond"  truecount="2"  falsecount="0" />
				<line num="1024"  count="1"  type="cond"  truecount="1"  falsecount="1" />
				<line num="1025"  count="1"  type="stmt" />
				<line num="1027"  count="1"  type="stmt" />
				<line num="1030"  count="0"  type="stmt" />
				<line num="1034"  count="1"  type="stmt" />
				<line num="1039"  count="1"  type="stmt" />
				<line num="1040"  count="0"  type="stmt" />
				<line num="1043"  count="1"  type="stmt" />
				<line num="1044"  count="0"  type="cond"  truecount="0"  falsecount="2" />
				<line num="1067"  count="1"  type="stmt" />
				<line num="1068"  count="1"  type="cond"  truecount="1"  falsecount="1" />
				<line num="1069"  count="1"  type="cond"  truecount="3"  falsecount="1" />
				<line num="1070"  count="1"  type="cond"  truecount="1"  falsecount="1" />
				<line num="1072"  count="0"  type="cond"  truecount="0"  falsecount="2" />
				<line num="1077"  count="0"  type="cond"  truecount="0"  falsecount="2" />
				<line num="1083"  count="0"  type="stmt" />
				<line num="1088"  count="1"  type="stmt" />
				<line num="1089"  count="0"  type="stmt" />
				<line num="1091"  count="0"  type="cond"  truecount="0"  falsecount="4" />
				<line num="1092"  count="0"  type="stmt" />
				<line num="1093"  count="0"  type="cond"  truecount="0"  falsecount="2" />
				<line num="1094"  count="0"  type="stmt" />
				<line num="1095"  count="0"  type="cond"  truecount="0"  falsecount="4" />
				<line num="1096"  count="0"  type="stmt" />
				<line num="1097"  count="0"  type="cond"  truecount="0"  falsecount="2" />
				<line num="1098"  count="0"  type="stmt" />
				<line num="1101"  count="0"  type="stmt" />
				<line num="1119"  count="1"  type="stmt" />
				<line num="1120"  count="0"  type="cond"  truecount="0"  falsecount="2" />
				<line num="1121"  count="0"  type="cond"  truecount="0"  falsecount="2" />
				<line num="1137"  count="1"  type="stmt" />
				<line num="1138"  count="0"  type="cond"  truecount="0"  falsecount="2" />
				<line num="1144"  count="1"  type="stmt" />
				<line num="1145"  count="0"  type="cond"  truecount="0"  falsecount="2" />
				<line num="1146"  count="0"  type="stmt" />
				<line num="1147"  count="0"  type="cond"  truecount="0"  falsecount="4" />
				<line num="1148"  count="0"  type="stmt" />
				<line num="1149"  count="0"  type="cond"  truecount="0"  falsecount="6" />
				<line num="1151"  count="0"  type="stmt" />
				<line num="1153"  count="0"  type="stmt" />
				<line num="1159"  count="1"  type="stmt" />
				<line num="1160"  count="0"  type="stmt" />
				<line num="1161"  count="0"  type="stmt" />
				<line num="1164"  count="0"  type="stmt" />
				<line num="1167"  count="0"  type="stmt" />
				<line num="1168"  count="0"  type="stmt" />
				<line num="1169"  count="0"  type="stmt" />
				<line num="1170"  count="0"  type="cond"  truecount="0"  falsecount="2" />
				<line num="1173"  count="0"  type="stmt" />
				<line num="1175"  count="0"  type="stmt" />
				<line num="1191"  count="1"  type="stmt" />
				<line num="1192"  count="0"  type="stmt" />
				<line num="1193"  count="0"  type="stmt" />
				<line num="1204"  count="1"  type="stmt" />
				<line num="1205"  count="0"  type="stmt" />
				<line num="1206"  count="0"  type="cond"  truecount="0"  falsecount="2" />
				<line num="1207"  count="0"  type="cond"  truecount="0"  falsecount="2" />
				<line num="1208"  count="0"  type="stmt" />
				<line num="1209"  count="0"  type="stmt" />
				<line num="1210"  count="0"  type="cond"  truecount="0"  falsecount="2" />
				<line num="1211"  count="0"  type="cond"  truecount="0"  falsecount="2" />
				<line num="1212"  count="0"  type="cond"  truecount="0"  falsecount="2" />
				<line num="1213"  count="0"  type="stmt" />
				<line num="1214"  count="0"  type="cond"  truecount="0"  falsecount="2" />
				<line num="1215"  count="0"  type="stmt" />
				<line num="1217"  count="0"  type="stmt" />
				<line num="1222"  count="0"  type="stmt" />
				<line num="1225"  count="1"  type="stmt" />
				<line num="1226"  count="0"  type="stmt" />
				<line num="1227"  count="0"  type="stmt" />
				<line num="1228"  count="0"  type="cond"  truecount="0"  falsecount="2" />
				<line num="1229"  count="0"  type="stmt" />
				<line num="1230"  count="0"  type="stmt" />
				<line num="1234"  count="0"  type="stmt" />
				<line num="1238"  count="0"  type="cond"  truecount="0"  falsecount="2" />
				<line num="1253"  count="1"  type="stmt" />
				<line num="1254"  count="0"  type="stmt" />
				<line num="1272"  count="1"  type="stmt" />
				<line num="1273"  count="0"  type="stmt" />
				<line num="1328"  count="1"  type="stmt" />
				<line num="1329"  count="1"  type="stmt" />
				<line num="1335"  count="1"  type="stmt" />
				<line num="1336"  count="4"  type="cond"  truecount="1"  falsecount="1" />
				<line num="1339"  count="1"  type="stmt" />
				<line num="1340"  count="4"  type="stmt" />
				<line num="1341"  count="4"  type="stmt" />
				<line num="1342"  count="4"  type="stmt" />
				<line num="1343"  count="4"  type="cond"  truecount="1"  falsecount="1" />
				<line num="1344"  count="4"  type="stmt" />
				<line num="1345"  count="4"  type="stmt" />
				<line num="1346"  count="4"  type="stmt" />
				<line num="1350"  count="1"  type="stmt" />
				<line num="1351"  count="1"  type="cond"  truecount="1"  falsecount="1" />
				<line num="1352"  count="1"  type="stmt" />
				<line num="1353"  count="1"  type="stmt" />
				<line num="1354"  count="1"  type="cond"  truecount="1"  falsecount="1" />
				<line num="1355"  count="0"  type="stmt" />
				<line num="1356"  count="0"  type="cond"  truecount="0"  falsecount="2" />
				<line num="1358"  count="1"  type="stmt" />
				<line num="1359"  count="0"  type="cond"  truecount="0"  falsecount="4" />
				<line num="1360"  count="0"  type="stmt" />
				<line num="1361"  count="0"  type="stmt" />
				<line num="1367"  count="1"  type="cond"  truecount="1"  falsecount="1" />
				<line num="1368"  count="0"  type="cond"  truecount="0"  falsecount="2" />
				<line num="1426"  count="1"  type="stmt" />
				<line num="1427"  count="0"  type="stmt" />
				<line num="1428"  count="0"  type="stmt" />
				<line num="1430"  count="0"  type="cond"  truecount="0"  falsecount="2" />
				<line num="1431"  count="0"  type="cond"  truecount="0"  falsecount="2" />
				<line num="1433"  count="0"  type="stmt" />
				<line num="1439"  count="0"  type="cond"  truecount="0"  falsecount="2" />
				<line num="1440"  count="0"  type="stmt" />
				<line num="1441"  count="0"  type="stmt" />
				<line num="1443"  count="0"  type="stmt" />
				<line num="1444"  count="0"  type="stmt" />
				<line num="1445"  count="0"  type="stmt" />
				<line num="1447"  count="0"  type="stmt" />
				<line num="1448"  count="0"  type="stmt" />
				<line num="1449"  count="0"  type="stmt" />
				<line num="1453"  count="0"  type="stmt" />
				<line num="1456"  count="0"  type="stmt" />
				<line num="1458"  count="0"  type="cond"  truecount="0"  falsecount="4" />
				<line num="1459"  count="0"  type="stmt" />
				<line num="1462"  count="0"  type="stmt" />
				<line num="1463"  count="0"  type="stmt" />
				<line num="1464"  count="0"  type="stmt" />
				<line num="1465"  count="0"  type="stmt" />
				<line num="1467"  count="0"  type="stmt" />
				<line num="1471"  count="1"  type="stmt" />
				<line num="1472"  count="1"  type="stmt" />
				<line num="1473"  count="0"  type="cond"  truecount="0"  falsecount="2" />
				<line num="1474"  count="0"  type="stmt" />
				<line num="1475"  count="0"  type="cond"  truecount="0"  falsecount="2" />
				<line num="1479"  count="1"  type="stmt" />
				<line num="1481"  count="1"  type="stmt" />
				<line num="1484"  count="1"  type="cond"  truecount="2"  falsecount="2" />
				<line num="1485"  count="0"  type="stmt" />
				<line num="1486"  count="0"  type="stmt" />
				<line num="1495"  count="0"  type="stmt" />
				<line num="1496"  count="0"  type="stmt" />
				<line num="1497"  count="0"  type="stmt" />
				<line num="1499"  count="1"  type="stmt" />
				<line num="1501"  count="1"  type="stmt" />
				<line num="1507"  count="1"  type="stmt" />
				<line num="1508"  count="614"  type="cond"  truecount="1"  falsecount="1" />
				<line num="1509"  count="0"  type="cond"  truecount="0"  falsecount="4" />
				<line num="1511"  count="614"  type="stmt" />
				<line num="1514"  count="1"  type="stmt" />
				<line num="1515"  count="80"  type="cond"  truecount="4"  falsecount="0" />
				<line num="1516"  count="5"  type="stmt" />
				<line num="1519"  count="80"  type="stmt" />
				<line num="1521"  count="80"  type="stmt" />
				<line num="1529"  count="1"  type="stmt" />
				<line num="1530"  count="1444"  type="cond"  truecount="1"  falsecount="1" />
				<line num="1531"  count="0"  type="stmt" />
				<line num="1543"  count="1"  type="stmt" />
				<line num="1544"  count="0"  type="cond"  truecount="0"  falsecount="2" />
				<line num="1545"  count="0"  type="stmt" />
				<line num="1546"  count="0"  type="stmt" />
				<line num="1547"  count="0"  type="stmt" />
				<line num="1548"  count="0"  type="stmt" />
				<line num="1550"  count="0"  type="stmt" />
				<line num="1551"  count="0"  type="stmt" />
				<line num="1552"  count="0"  type="cond"  truecount="0"  falsecount="2" />
				<line num="1553"  count="0"  type="stmt" />
				<line num="1556"  count="0"  type="cond"  truecount="0"  falsecount="4" />
				<line num="1557"  count="0"  type="stmt" />
				<line num="1559"  count="0"  type="stmt" />
				<line num="1567"  count="1"  type="stmt" />
				<line num="1568"  count="0"  type="stmt" />
				<line num="1570"  count="0"  type="cond"  truecount="0"  falsecount="2" />
				<line num="1571"  count="0"  type="stmt" />
				<line num="1574"  count="0"  type="stmt" />
				<line num="1575"  count="0"  type="stmt" />
				<line num="1577"  count="0"  type="stmt" />
				<line num="1578"  count="0"  type="stmt" />
				<line num="1579"  count="0"  type="cond"  truecount="0"  falsecount="2" />
				<line num="1580"  count="0"  type="stmt" />
				<line num="1583"  count="0"  type="stmt" />
				<line num="1595"  count="1"  type="stmt" />
				<line num="1597"  count="1"  type="stmt" />
				<line num="1598"  count="1"  type="stmt" />
				<line num="1600"  count="1"  type="stmt" />
				<line num="1601"  count="58"  type="cond"  truecount="2"  falsecount="0" />
				<line num="1604"  count="1"  type="stmt" />
				<line num="1607"  count="1"  type="cond"  truecount="1"  falsecount="1" />
				<line num="1609"  count="1"  type="stmt" />
				<line num="1611"  count="1"  type="stmt" />
				<line num="1664"  count="1"  type="stmt" />
				<line num="1665"  count="56"  type="stmt" />
				<line num="1666"  count="56"  type="cond"  truecount="1"  falsecount="1" />
				<line num="1667"  count="0"  type="stmt" />
				<line num="1671"  count="56"  type="stmt" />
				<line num="1672"  count="56"  type="cond"  truecount="3"  falsecount="1" />
				<line num="1673"  count="0"  type="stmt" />
				<line num="1675"  count="56"  type="stmt" />
				<line num="1676"  count="13"  type="cond"  truecount="2"  falsecount="0" />
				<line num="1677"  count="1"  type="stmt" />
				<line num="1683"  count="12"  type="stmt" />
				<line num="1686"  count="12"  type="stmt" />
				<line num="1688"  count="12"  type="stmt" />
				<line num="1691"  count="12"  type="stmt" />
				<line num="1869"  count="0"  type="stmt" />
				<line num="1870"  count="0"  type="stmt" />
				<line num="1874"  count="12"  type="cond"  truecount="2"  falsecount="0" />
				<line num="1875"  count="1"  type="stmt" />
				<line num="1878"  count="12"  type="stmt" />
				<line num="1886"  count="1"  type="stmt" />
				<line num="1887"  count="120"  type="stmt" />
				<line num="1888"  count="19"  type="cond"  truecount="2"  falsecount="0" />
				<line num="1889"  count="19"  type="stmt" />
				<line num="1989"  count="1"  type="stmt" />
				<line num="1998"  count="1"  type="stmt" />
				<line num="1999"  count="1"  type="stmt" />
				<line num="2029"  count="1"  type="stmt" />
				<line num="2030"  count="1"  type="stmt" />
				<line num="2031"  count="1"  type="stmt" />
				<line num="2033"  count="1"  type="stmt" />
				<line num="2036"  count="1"  type="stmt" />
				<line num="2039"  count="8"  type="stmt" />
				<line num="2042"  count="8"  type="stmt" />
				<line num="2087"  count="8"  type="stmt" />
				<line num="2214"  count="1"  type="stmt" />
				<line num="2216"  count="1"  type="stmt" />
				<line num="2219"  count="2"  type="stmt" />
				<line num="2220"  count="0"  type="stmt" />
				<line num="2222"  count="2"  type="stmt" />
				<line num="2223"  count="0"  type="stmt" />
				<line num="2228"  count="1"  type="stmt" />
				<line num="2230"  count="0"  type="cond"  truecount="0"  falsecount="2" />
				<line num="2233"  count="3"  type="stmt" />
				<line num="2236"  count="1"  type="stmt" />
				<line num="2237"  count="1"  type="stmt" />
				<line num="2238"  count="1"  type="stmt" />
				<line num="2245"  count="1"  type="stmt" />
				<line num="2246"  count="45"  type="stmt" />
				<line num="2248"  count="62"  type="cond"  truecount="1"  falsecount="1" />
				<line num="2261"  count="1"  type="stmt" />
				<line num="2262"  count="0"  type="stmt" />
				<line num="2263"  count="0"  type="cond"  truecount="0"  falsecount="2" />
				<line num="2264"  count="0"  type="stmt" />
				<line num="2265"  count="0"  type="stmt" />
				<line num="2267"  count="1"  type="stmt" />
				<line num="2269"  count="0"  type="cond"  truecount="0"  falsecount="4" />
				<line num="2274"  count="0"  type="cond"  truecount="0"  falsecount="4" />
				<line num="2275"  count="0"  type="stmt" />
				<line num="2276"  count="0"  type="stmt" />
				<line num="2277"  count="0"  type="stmt" />
				<line num="2278"  count="0"  type="stmt" />
				<line num="2279"  count="0"  type="cond"  truecount="0"  falsecount="2" />
				<line num="2280"  count="0"  type="stmt" />
				<line num="2282"  count="0"  type="stmt" />
				<line num="2284"  count="0"  type="stmt" />
				<line num="2287"  count="0"  type="stmt" />
				<line num="2292"  count="0"  type="stmt" />
				<line num="2296"  count="1"  type="stmt" />
				<line num="2297"  count="1"  type="stmt" />
				<line num="2298"  count="1"  type="stmt" />
				<line num="2299"  count="1"  type="stmt" />
				<line num="2301"  count="1"  type="stmt" />
				<line num="2311"  count="1"  type="stmt" />
				<line num="2312"  count="1"  type="stmt" />
				<line num="2313"  count="1"  type="stmt" />
				<line num="2315"  count="1"  type="stmt" />
				<line num="2316"  count="10"  type="stmt" />
				<line num="2319"  count="1"  type="stmt" />
				<line num="2320"  count="10"  type="stmt" />
				<line num="2324"  count="10"  type="cond"  truecount="1"  falsecount="1" />
				<line num="2326"  count="0"  type="stmt" />
				<line num="2328"  count="10"  type="stmt" />
				<line num="2330"  count="10"  type="cond"  truecount="1"  falsecount="1" />
				<line num="2331"  count="10"  type="cond"  truecount="2"  falsecount="0" />
				<line num="2332"  count="10"  type="stmt" />
				<line num="2334"  count="10"  type="stmt" />
				<line num="2337"  count="10"  type="stmt" />
				<line num="2338"  count="10"  type="stmt" />
				<line num="2339"  count="0"  type="stmt" />
				<line num="2342"  count="10"  type="stmt" />
				<line num="2344"  count="10"  type="stmt" />
				<line num="2345"  count="10"  type="stmt" />
				<line num="2349"  count="10"  type="stmt" />
				<line num="2350"  count="10"  type="stmt" />
				<line num="2351"  count="10"  type="stmt" />
				<line num="2354"  count="1"  type="stmt" />
				<line num="2355"  count="10"  type="cond"  truecount="2"  falsecount="0" />
				<line num="2356"  count="10"  type="stmt" />
				<line num="2358"  count="10"  type="cond"  truecount="1"  falsecount="1" />
				<line num="2359"  count="0"  type="stmt" />
				<line num="2362"  count="10"  type="stmt" />
				<line num="2366"  count="1"  type="stmt" />
				<line num="2367"  count="73"  type="cond"  truecount="2"  falsecount="0" />
				<line num="2368"  count="10"  type="stmt" />
				<line num="2370"  count="63"  type="cond"  truecount="2"  falsecount="0" />
				<line num="2371"  count="19"  type="stmt" />
				<line num="2373"  count="63"  type="cond"  truecount="2"  falsecount="0" />
				<line num="2374"  count="31"  type="cond"  truecount="3"  falsecount="1" />
				<line num="2375"  count="0"  type="stmt" />
				<line num="2377"  count="31"  type="stmt" />
				<line num="2380"  count="32"  type="cond"  truecount="2"  falsecount="0" />
				<line num="2381"  count="10"  type="stmt" />
				<line num="2382"  count="10"  type="stmt" />
				<line num="2383"  count="10"  type="stmt" />
				<line num="2385"  count="22"  type="stmt" />
				<line num="2389"  count="1"  type="stmt" />
				<line num="2390"  count="0"  type="stmt" />
				<line num="2393"  count="1"  type="stmt" />
				<line num="2394"  count="0"  type="stmt" />
				<line num="2395"  count="0"  type="stmt" />
				<line num="2396"  count="0"  type="stmt" />
				<line num="2400"  count="1"  type="stmt" />
				<line num="2401"  count="10"  type="cond"  truecount="1"  falsecount="1" />
				<line num="2403"  count="10"  type="stmt" />
				<line num="2406"  count="10"  type="cond"  truecount="2"  falsecount="0" />
				<line num="2408"  count="2"  type="cond"  truecount="1"  falsecount="1" />
				<line num="2409"  count="2"  type="stmt" />
				<line num="2410"  count="2"  type="stmt" />
				<line num="2411"  count="2"  type="stmt" />
				<line num="2414"  count="0"  type="stmt" />
				<line num="2415"  count="0"  type="cond"  truecount="0"  falsecount="2" />
				<line num="2416"  count="0"  type="stmt" />
				<line num="2417"  count="0"  type="stmt" />
				<line num="2419"  count="0"  type="cond"  truecount="0"  falsecount="2" />
				<line num="2425"  count="1"  type="stmt" />
				<line num="2426"  count="0"  type="stmt" />
				<line num="2429"  count="0"  type="cond"  truecount="0"  falsecount="2" />
				<line num="2430"  count="0"  type="cond"  truecount="0"  falsecount="2" />
				<line num="2431"  count="0"  type="stmt" />
				<line num="2432"  count="0"  type="stmt" />
				<line num="2435"  count="0"  type="cond"  truecount="0"  falsecount="2" />
				<line num="2436"  count="0"  type="cond"  truecount="0"  falsecount="2" />
				<line num="2437"  count="0"  type="stmt" />
				<line num="2439"  count="0"  type="stmt" />
				<line num="2440"  count="0"  type="stmt" />
				<line num="2444"  count="1"  type="stmt" />
				<line num="2445"  count="30"  type="stmt" />
				<line num="2448"  count="30"  type="cond"  truecount="2"  falsecount="0" />
				<line num="2449"  count="5"  type="cond"  truecount="2"  falsecount="0" />
				<line num="2450"  count="3"  type="stmt" />
				<line num="2451"  count="3"  type="stmt" />
				<line num="2453"  count="5"  type="stmt" />
				<line num="2455"  count="25"  type="cond"  truecount="2"  falsecount="0" />
				<line num="2459"  count="1"  type="stmt" />
				<line num="2460"  count="1"  type="stmt" />
				<line num="2465"  count="1"  type="cond"  truecount="3"  falsecount="1" />
				<line num="2466"  count="1"  type="stmt" />
				<line num="2469"  count="1"  type="cond"  truecount="1"  falsecount="1" />
				<line num="2470"  count="1"  type="stmt" />
				<line num="2472"  count="0"  type="cond"  truecount="0"  falsecount="2" />
				<line num="2473"  count="0"  type="cond"  truecount="0"  falsecount="2" />
				<line num="2475"  count="0"  type="cond"  truecount="0"  falsecount="2" />
				<line num="2477"  count="0"  type="stmt" />
				<line num="2480"  count="0"  type="stmt" />
				<line num="2485"  count="1"  type="stmt" />
				<line num="2486"  count="0"  type="cond"  truecount="0"  falsecount="2" />
				<line num="2487"  count="0"  type="cond"  truecount="0"  falsecount="2" />
				<line num="2491"  count="1"  type="stmt" />
				<line num="2492"  count="0"  type="cond"  truecount="0"  falsecount="4" />
				<line num="2493"  count="0"  type="stmt" />
				<line num="2494"  count="0"  type="stmt" />
				<line num="2503"  count="1"  type="stmt" />
				<line num="2504"  count="1"  type="cond"  truecount="3"  falsecount="1" />
				<line num="2505"  count="1"  type="cond"  truecount="2"  falsecount="0" />
				<line num="2508"  count="1"  type="stmt" />
				<line num="2509"  count="1"  type="stmt" />
				<line num="2510"  count="1"  type="cond"  truecount="1"  falsecount="1" />
				<line num="2511"  count="1"  type="stmt" />
				<line num="2515"  count="1"  type="stmt" />
				<line num="2519"  count="1"  type="stmt" />
				<line num="2520"  count="32"  type="cond"  truecount="1"  falsecount="1" />
				<line num="2521"  count="32"  type="cond"  truecount="5"  falsecount="0" />
				<line num="2524"  count="32"  type="stmt" />
				<line num="2525"  count="32"  type="stmt" />
				<line num="2530"  count="1"  type="stmt" />
				<line num="2531"  count="0"  type="cond"  truecount="0"  falsecount="2" />
				<line num="2534"  count="1"  type="stmt" />
				<line num="2537"  count="0"  type="cond"  truecount="0"  falsecount="2" />
				<line num="2538"  count="0"  type="stmt" />
				<line num="2540"  count="0"  type="cond"  truecount="0"  falsecount="2" />
				<line num="2542"  count="0"  type="stmt" />
				<line num="2543"  count="0"  type="stmt" />
				<line num="2544"  count="0"  type="cond"  truecount="0"  falsecount="2" />
				<line num="2550"  count="0"  type="cond"  truecount="0"  falsecount="3" />
				<line num="2554"  count="1"  type="stmt" />
				<line num="2555"  count="0"  type="stmt" />
				<line num="2556"  count="0"  type="stmt" />
				<line num="2558"  count="0"  type="stmt" />
				<line num="2559"  count="0"  type="stmt" />
				<line num="2566"  count="1"  type="stmt" />
				<line num="2568"  count="1"  type="stmt" />
				<line num="2570"  count="1"  type="stmt" />
				<line num="2571"  count="2"  type="cond"  truecount="2"  falsecount="0" />
				<line num="2572"  count="1"  type="stmt" />
				<line num="2573"  count="1"  type="stmt" />
				<line num="2577"  count="1"  type="cond"  truecount="1"  falsecount="1" />
				<line num="2578"  count="0"  type="stmt" />
				<line num="2580"  count="1"  type="stmt" />
				<line num="2583"  count="1"  type="stmt" />
				<line num="2588"  count="0"  type="stmt" />
				<line num="2589"  count="0"  type="stmt" />
				<line num="2590"  count="0"  type="stmt" />
				<line num="2594"  count="1"  type="cond"  truecount="1"  falsecount="1" />
				<line num="2608"  count="1"  type="stmt" />
				<line num="2609"  count="1"  type="stmt" />
				<line num="2610"  count="7"  type="stmt" />
				<line num="2612"  count="1"  type="stmt" />
				<line num="2613"  count="1"  type="stmt" />
				<line num="2614"  count="7"  type="stmt" />
				<line num="2617"  count="1"  type="stmt" />
				<line num="2619"  count="1"  type="stmt" />
				<line num="2622"  count="1"  type="cond"  truecount="1"  falsecount="2" />
				<line num="2625"  count="1"  type="stmt" />
				<line num="2629"  count="2"  type="stmt" />
				<line num="2632"  count="1"  type="stmt" />
				<line num="2638"  count="0"  type="cond"  truecount="0"  falsecount="4" />
				<line num="2643"  count="0"  type="cond"  truecount="0"  falsecount="2" />
				<line num="2649"  count="0"  type="stmt" />
				<line num="2653"  count="0"  type="stmt" />
				<line num="2659"  count="0"  type="stmt" />
				<line num="2661"  count="0"  type="cond"  truecount="0"  falsecount="2" />
				<line num="2662"  count="0"  type="stmt" />
				<line num="2664"  count="0"  type="stmt" />
				<line num="2666"  count="0"  type="cond"  truecount="0"  falsecount="2" />
				<line num="2668"  count="0"  type="cond"  truecount="0"  falsecount="2" />
				<line num="2669"  count="0"  type="cond"  truecount="0"  falsecount="2" />
				<line num="2672"  count="0"  type="cond"  truecount="0"  falsecount="2" />
				<line num="2674"  count="0"  type="cond"  truecount="0"  falsecount="2" />
				<line num="2676"  count="0"  type="cond"  truecount="0"  falsecount="2" />
				<line num="2679"  count="0"  type="stmt" />
[...]
				<line num="21464"  count="1"  type="stmt" />
				<line num="21599"  count="1"  type="stmt" />
				<line num="21601"  count="1"  type="stmt" />
				<line num="21603"  count="0"  type="stmt" />
				<line num="21607"  count="0"  type="stmt" />
				<line num="21611"  count="0"  type="stmt" />
				<line num="21618"  count="0"  type="stmt" />
				<line num="21621"  count="0"  type="stmt" />
				<line num="21622"  count="0"  type="stmt" />
				<line num="21623"  count="0"  type="stmt" />
				<line num="21624"  count="0"  type="stmt" />
				<line num="21628"  count="0"  type="stmt" />
				<line num="21629"  count="0"  type="stmt" />
				<line num="21630"  count="0"  type="stmt" />
				<line num="21632"  count="0"  type="cond"  truecount="0"  falsecount="2" />
				<line num="21633"  count="0"  type="stmt" />
				<line num="21634"  count="0"  type="cond"  truecount="0"  falsecount="2" />
				<line num="21639"  count="0"  type="stmt" />
				<line num="21640"  count="0"  type="cond"  truecount="0"  falsecount="2" />
				<line num="21641"  count="0"  type="stmt" />
				<line num="21642"  count="0"  type="cond"  truecount="0"  falsecount="2" />
				<line num="21643"  count="0"  type="stmt" />
				<line num="21649"  count="0"  type="stmt" />
				<line num="21650"  count="0"  type="stmt" />
				<line num="21651"  count="0"  type="stmt" />
				<line num="21652"  count="0"  type="stmt" />
				<line num="21653"  count="0"  type="stmt" />
				<line num="21654"  count="0"  type="stmt" />
				<line num="21658"  count="0"  type="stmt" />
				<line num="21659"  count="0"  type="stmt" />
				<line num="21662"  count="0"  type="stmt" />
				<line num="21664"  count="0"  type="stmt" />
				<line num="21670"  count="0"  type="cond"  truecount="0"  falsecount="2" />
				<line num="21672"  count="0"  type="stmt" />
				<line num="21685"  count="0"  type="stmt" />
				<line num="21686"  count="0"  type="cond"  truecount="0"  falsecount="2" />
				<line num="21687"  count="0"  type="stmt" />
				<line num="21688"  count="0"  type="stmt" />
				<line num="21692"  count="0"  type="stmt" />
				<line num="21695"  count="0"  type="cond"  truecount="0"  falsecount="2" />
				<line num="21696"  count="0"  type="stmt" />
				<line num="21697"  count="0"  type="cond"  truecount="0"  falsecount="2" />
				<line num="21701"  count="0"  type="cond"  truecount="0"  falsecount="2" />
				<line num="21702"  count="0"  type="cond"  truecount="0"  falsecount="2" />
				<line num="21703"  count="0"  type="stmt" />
				<line num="21710"  count="1"  type="stmt" />
				<line num="21711"  count="0"  type="stmt" />
				<line num="21712"  count="0"  type="stmt" />
				<line num="21714"  count="0"  type="cond"  truecount="0"  falsecount="2" />
				<line num="21715"  count="0"  type="cond"  truecount="0"  falsecount="2" />
				<line num="21716"  count="0"  type="stmt" />
				<line num="21717"  count="0"  type="cond"  truecount="0"  falsecount="2" />
				<line num="21719"  count="0"  type="cond"  truecount="0"  falsecount="4" />
				<line num="21720"  count="0"  type="stmt" />
				<line num="21722"  count="0"  type="stmt" />
				<line num="21727"  count="0"  type="stmt" />
				<line num="21728"  count="0"  type="stmt" />
				<line num="21729"  count="0"  type="cond"  truecount="0"  falsecount="2" />
				<line num="21730"  count="0"  type="stmt" />
				<line num="21735"  count="1"  type="stmt" />
				<line num="21736"  count="0"  type="stmt" />
				<line num="21737"  count="0"  type="stmt" />
				<line num="21738"  count="0"  type="stmt" />
				<line num="21739"  count="0"  type="stmt" />
				<line num="21740"  count="0"  type="stmt" />
				<line num="21746"  count="0"  type="stmt" />
				<line num="21747"  count="0"  type="cond"  truecount="0"  falsecount="2" />
				<line num="21748"  count="0"  type="stmt" />
				<line num="21749"  count="0"  type="stmt" />
				<line num="21753"  count="0"  type="stmt" />
				<line num="21754"  count="0"  type="stmt" />
				<line num="21755"  count="0"  type="stmt" />
				<line num="21756"  count="0"  type="stmt" />
				<line num="21757"  count="0"  type="cond"  truecount="0"  falsecount="2" />
				<line num="21758"  count="0"  type="stmt" />
				<line num="21761"  count="0"  type="stmt" />
				<line num="21766"  count="1"  type="stmt" />
				<line num="21767"  count="0"  type="stmt" />
				<line num="21769"  count="0"  type="cond"  truecount="0"  falsecount="2" />
				<line num="21770"  count="0"  type="stmt" />
				<line num="21777"  count="0"  type="cond"  truecount="0"  falsecount="2" />
				<line num="21791"  count="0"  type="cond"  truecount="0"  falsecount="2" />
				<line num="21793"  count="0"  type="stmt" />
				<line num="21797"  count="0"  type="stmt" />
				<line num="21801"  count="0"  type="stmt" />
				<line num="21805"  count="0"  type="stmt" />
				<line num="21807"  count="0"  type="stmt" />
				<line num="21808"  count="0"  type="stmt" />
				<line num="21809"  count="0"  type="stmt" />
				<line num="21814"  count="0"  type="cond"  truecount="0"  falsecount="2" />
				<line num="21815"  count="0"  type="stmt" />
				<line num="21816"  count="0"  type="stmt" />
				<line num="21820"  count="0"  type="stmt" />
				<line num="21822"  count="0"  type="stmt" />
				<line num="21823"  count="0"  type="cond"  truecount="0"  falsecount="2" />
				<line num="21824"  count="0"  type="stmt" />
				<line num="21825"  count="0"  type="cond"  truecount="0"  falsecount="2" />
				<line num="21826"  count="0"  type="cond"  truecount="0"  falsecount="2" />
				<line num="21827"  count="0"  type="stmt" />
				<line num="21828"  count="0"  type="stmt" />
				<line num="21829"  count="0"  type="cond"  truecount="0"  falsecount="2" />
				<line num="21832"  count="0"  type="stmt" />
				<line num="21834"  count="0"  type="stmt" />
				<line num="21839"  count="0"  type="stmt" />
				<line num="21840"  count="0"  type="cond"  truecount="0"  falsecount="2" />
				<line num="21841"  count="0"  type="stmt" />
				<line num="21842"  count="0"  type="cond"  truecount="0"  falsecount="2" />
				<line num="21843"  count="0"  type="stmt" />
				<line num="21845"  count="0"  type="cond"  truecount="0"  falsecount="2" />
				<line num="21846"  count="0"  type="stmt" />
				<line num="21847"  count="0"  type="stmt" />
				<line num="21848"  count="0"  type="cond"  truecount="0"  falsecount="2" />
				<line num="21849"  count="0"  type="stmt" />
				<line num="21850"  count="0"  type="stmt" />
				<line num="21854"  count="0"  type="stmt" />
				<line num="21855"  count="0"  type="cond"  truecount="0"  falsecount="2" />
				<line num="21856"  count="0"  type="stmt" />
				<line num="21860"  count="0"  type="stmt" />
				<line num="21861"  count="0"  type="stmt" />
				<line num="21865"  count="0"  type="stmt" />
				<line num="21867"  count="0"  type="stmt" />
				<line num="21868"  count="0"  type="stmt" />
				<line num="21869"  count="0"  type="stmt" />
				<line num="21871"  count="0"  type="cond"  truecount="0"  falsecount="2" />
				<line num="21872"  count="0"  type="stmt" />
				<line num="21873"  count="0"  type="stmt" />
				<line num="21874"  count="0"  type="stmt" />
				<line num="21875"  count="0"  type="stmt" />
				<line num="21877"  count="0"  type="stmt" />
				<line num="21881"  count="0"  type="cond"  truecount="0"  falsecount="2" />
				<line num="21882"  count="0"  type="stmt" />
				<line num="21885"  count="1"  type="stmt" />
				<line num="21886"  count="0"  type="stmt" />
				<line num="21887"  count="0"  type="cond"  truecount="0"  falsecount="2" />
				<line num="21888"  count="0"  type="stmt" />
				<line num="21889"  count="0"  type="cond"  truecount="0"  falsecount="4" />
				<line num="21890"  count="0"  type="stmt" />
				<line num="21891"  count="0"  type="stmt" />
				<line num="21892"  count="0"  type="stmt" />
				<line num="21893"  count="0"  type="stmt" />
				<line num="21894"  count="0"  type="stmt" />
				<line num="21897"  count="0"  type="stmt" />
				<line num="21900"  count="0"  type="stmt" />
				<line num="21904"  count="1"  type="stmt" />
				<line num="21906"  count="0"  type="stmt" />
				<line num="21927"  count="0"  type="stmt" />
				<line num="21929"  count="0"  type="stmt" />
				<line num="21930"  count="0"  type="cond"  truecount="0"  falsecount="2" />
				<line num="21931"  count="0"  type="stmt" />
				<line num="21932"  count="0"  type="cond"  truecount="0"  falsecount="2" />
				<line num="21933"  count="0"  type="stmt" />
				<line num="21936"  count="0"  type="stmt" />
				<line num="21938"  count="0"  type="cond"  truecount="0"  falsecount="2" />
				<line num="21939"  count="0"  type="cond"  truecount="0"  falsecount="2" />
				<line num="21940"  count="0"  type="stmt" />
				<line num="21941"  count="0"  type="stmt" />
				<line num="21943"  count="0"  type="cond"  truecount="0"  falsecount="2" />
				<line num="21944"  count="0"  type="stmt" />
				<line num="21948"  count="0"  type="cond"  truecount="0"  falsecount="2" />
				<line num="21949"  count="0"  type="stmt" />
				<line num="21950"  count="0"  type="stmt" />
				<line num="21951"  count="0"  type="stmt" />
				<line num="21953"  count="0"  type="stmt" />
				<line num="21955"  count="0"  type="cond"  truecount="0"  falsecount="2" />
				<line num="21957"  count="0"  type="stmt" />
				<line num="21960"  count="0"  type="cond"  truecount="0"  falsecount="2" />
				<line num="21961"  count="0"  type="stmt" />
				<line num="21968"  count="0"  type="cond"  truecount="0"  falsecount="2" />
				<line num="21969"  count="0"  type="cond"  truecount="0"  falsecount="4" />
				<line num="21971"  count="0"  type="stmt" />
				<line num="21972"  count="0"  type="cond"  truecount="0"  falsecount="2" />
				<line num="21974"  count="0"  type="stmt" />
				<line num="21979"  count="0"  type="stmt" />
				<line num="21983"  count="0"  type="stmt" />
				<line num="21986"  count="0"  type="stmt" />
				<line num="21988"  count="0"  type="cond"  truecount="0"  falsecount="2" />
				<line num="21990"  count="0"  type="stmt" />
				<line num="21994"  count="0"  type="stmt" />
				<line num="21995"  count="0"  type="stmt" />
				<line num="21996"  count="0"  type="stmt" />
				<line num="21998"  count="0"  type="stmt" />
				<line num="21999"  count="0"  type="stmt" />
				<line num="22002"  count="0"  type="cond"  truecount="0"  falsecount="2" />
				<line num="22003"  count="0"  type="stmt" />
				<line num="22007"  count="0"  type="stmt" />
				<line num="22008"  count="0"  type="stmt" />
				<line num="22009"  count="0"  type="stmt" />
				<line num="22010"  count="0"  type="cond"  truecount="0"  falsecount="2" />
				<line num="22012"  count="0"  type="stmt" />
				<line num="22013"  count="0"  type="cond"  truecount="0"  falsecount="2" />
				<line num="22014"  count="0"  type="stmt" />
				<line num="22015"  count="0"  type="stmt" />
				<line num="22017"  count="0"  type="cond"  truecount="0"  falsecount="2" />
				<line num="22018"  count="0"  type="stmt" />
				<line num="22021"  count="0"  type="cond"  truecount="0"  falsecount="2" />
				<line num="22022"  count="0"  type="stmt" />
				<line num="22023"  count="0"  type="cond"  truecount="0"  falsecount="2" />
				<line num="22027"  count="0"  type="stmt" />
				<line num="22034"  count="0"  type="cond"  truecount="0"  falsecount="4" />
				<line num="22036"  count="0"  type="stmt" />
				<line num="22041"  count="0"  type="stmt" />
				<line num="22049"  count="0"  type="stmt" />
				<line num="22055"  count="0"  type="stmt" />
				<line num="22056"  count="0"  type="cond"  truecount="0"  falsecount="2" />
				<line num="22057"  count="0"  type="stmt" />
				<line num="22059"  count="0"  type="stmt" />
				<line num="22061"  count="0"  type="stmt" />
				<line num="22065"  count="0"  type="stmt" />
				<line num="22066"  count="0"  type="stmt" />
				<line num="22067"  count="0"  type="stmt" />
				<line num="22068"  count="0"  type="stmt" />
				<line num="22069"  count="0"  type="stmt" />
				<line num="22073"  count="0"  type="stmt" />
				<line num="22074"  count="0"  type="stmt" />
				<line num="22082"  count="1"  type="stmt" />
				<line num="22083"  count="0"  type="stmt" />
				<line num="22088"  count="0"  type="stmt" />
				<line num="22092"  count="0"  type="cond"  truecount="0"  falsecount="2" />
				<line num="22093"  count="0"  type="stmt" />
				<line num="22094"  count="0"  type="cond"  truecount="0"  falsecount="2" />
				<line num="22095"  count="0"  type="stmt" />
				<line num="22099"  count="0"  type="stmt" />
				<line num="22100"  count="0"  type="stmt" />
				<line num="22105"  count="0"  type="cond"  truecount="0"  falsecount="4" />
				<line num="22108"  count="0"  type="stmt" />
				<line num="22110"  count="0"  type="stmt" />
				<line num="22113"  count="0"  type="cond"  truecount="0"  falsecount="2" />
				<line num="22114"  count="0"  type="stmt" />
				<line num="22115"  count="0"  type="stmt" />
				<line num="22116"  count="0"  type="cond"  truecount="0"  falsecount="2" />
				<line num="22117"  count="0"  type="stmt" />
				<line num="22120"  count="0"  type="stmt" />
				<line num="22123"  count="0"  type="stmt" />
				<line num="22124"  count="0"  type="stmt" />
				<line num="22131"  count="1"  type="stmt" />
				<line num="22136"  count="1"  type="cond"  truecount="1"  falsecount="1" />
				<line num="22138"  count="0"  type="stmt" />
				<line num="22139"  count="0"  type="stmt" />
				<line num="22144"  count="1"  type="stmt" />
				<line num="22146"  count="1"  type="stmt" />
				<line num="22148"  count="1"  type="stmt" />
				<line num="22149"  count="1"  type="stmt" />
				<line num="22154"  count="1"  type="cond"  truecount="2"  falsecount="0" />
			</file>
		</package>
		<package name="..app.components.home" >
			<metrics statements="16"  coveredstatements="16"  conditionals="0"  coveredconditionals="0"  methods="8"  coveredmethods="8" />
			<file name="home.js"  path="./app/components/home/home.js" >
				<metrics statements="3"  coveredstatements="3"  conditionals="0"  coveredconditionals="0"  methods="2"  coveredmethods="2" />
				<line num="3"  count="1"  type="stmt" />
				<line num="6"  count="3"  type="stmt" />
				<line num="13"  count="3"  type="stmt" />
			</file>
			<file name="home_test.js"  path="./app/components/home/home_test.js" >
				<metrics statements="13"  coveredstatements="13"  conditionals="0"  coveredconditionals="0"  methods="6"  coveredmethods="6" />
				<line num="3"  count="1"  type="stmt" />
				<line num="5"  count="1"  type="stmt" />
				<line num="7"  count="1"  type="stmt" />
				<line num="8"  count="1"  type="stmt" />
				<line num="10"  count="1"  type="stmt" />
				<line num="12"  count="3"  type="stmt" />
				<line num="13"  count="3"  type="stmt" />
				<line num="16"  count="1"  type="stmt" />
				<line num="17"  count="1"  type="stmt" />
				<line num="20"  count="1"  type="stmt" />
				<line num="21"  count="1"  type="stmt" />
				<line num="24"  count="1"  type="stmt" />
				<line num="25"  count="1"  type="stmt" />
			</file>
		</package>
		<package name="..app.components.version" >
			<metrics statements="28"  coveredstatements="28"  conditionals="0"  coveredconditionals="0"  methods="16"  coveredmethods="16" />
			<file name="interpolate-filter.js"  path="./app/components/version/interpolate-filter.js" >
				<metrics statements="3"  coveredstatements="3"  conditionals="0"  coveredconditionals="0"  methods="2"  coveredmethods="2" />
				<line num="3"  count="1"  type="stmt" />
				<line num="6"  count="1"  type="stmt" />
				<line num="7"  count="1"  type="stmt" />
			</file>
			<file name="interpolate-filter_test.js"  path="./app/components/version/interpolate-filter_test.js" >
				<metrics statements="7"  coveredstatements="7"  conditionals="0"  coveredconditionals="0"  methods="4"  coveredmethods="4" />
				<line num="3"  count="1"  type="stmt" />
				<line num="4"  count="1"  type="stmt" />
				<line num="6"  count="1"  type="stmt" />
				<line num="7"  count="1"  type="stmt" />
				<line num="8"  count="1"  type="stmt" />
				<line num="11"  count="1"  type="stmt" />
				<line num="12"  count="1"  type="stmt" />
			</file>
			<file name="version-directive.js"  path="./app/components/version/version-directive.js" >
				<metrics statements="3"  coveredstatements="3"  conditionals="0"  coveredconditionals="0"  methods="2"  coveredmethods="2" />
				<line num="3"  count="1"  type="stmt" />
				<line num="6"  count="1"  type="stmt" />
				<line num="7"  count="1"  type="stmt" />
			</file>
			<file name="version-directive_test.js"  path="./app/components/version/version-directive_test.js" >
				<metrics statements="9"  coveredstatements="9"  conditionals="0"  coveredconditionals="0"  methods="5"  coveredmethods="5" />
				<line num="3"  count="1"  type="stmt" />
				<line num="4"  count="1"  type="stmt" />
				<line num="6"  count="1"  type="stmt" />
				<line num="7"  count="1"  type="stmt" />
				<line num="8"  count="1"  type="stmt" />
				<line num="9"  count="1"  type="stmt" />
				<line num="11"  count="1"  type="stmt" />
				<line num="12"  count="1"  type="stmt" />
				<line num="13"  count="1"  type="stmt" />
			</file>
			<file name="version.js"  path="./app/components/version/version.js" >
				<metrics statements="1"  coveredstatements="1"  conditionals="0"  coveredconditionals="0"  methods="0"  coveredmethods="0" />
				<line num="3"  count="1"  type="stmt" />
			</file>
			<file name="version_test.js"  path="./app/components/version/version_test.js" >
				<metrics statements="5"  coveredstatements="5"  conditionals="0"  coveredconditionals="0"  methods="3"  coveredmethods="3" />
				<line num="3"  count="1"  type="stmt" />
				<line num="4"  count="1"  type="stmt" />
				<line num="6"  count="1"  type="stmt" />
				<line num="7"  count="1"  type="stmt" />
				<line num="8"  count="1"  type="stmt" />
			</file>
		</package>
		<package name="..app.components.view1" >
			<metrics statements="8"  coveredstatements="8"  conditionals="0"  coveredconditionals="0"  methods="5"  coveredmethods="5" />
			<file name="view1.js"  path="./app/components/view1/view1.js" >
				<metrics statements="2"  coveredstatements="2"  conditionals="0"  coveredconditionals="0"  methods="2"  coveredmethods="2" />
				<line num="3"  count="1"  type="stmt" />
				<line num="6"  count="1"  type="stmt" />
			</file>
			<file name="view1_test.js"  path="./app/components/view1/view1_test.js" >
				<metrics statements="6"  coveredstatements="6"  conditionals="0"  coveredconditionals="0"  methods="3"  coveredmethods="3" />
				<line num="3"  count="1"  type="stmt" />
				<line num="5"  count="1"  type="stmt" />
				<line num="7"  count="1"  type="stmt" />
				<line num="9"  count="1"  type="stmt" />
				<line num="11"  count="1"  type="stmt" />
				<line num="12"  count="1"  type="stmt" />
			</file>
		</package>
		<package name="..app.components.view2" >
			<metrics statements="8"  coveredstatements="8"  conditionals="0"  coveredconditionals="0"  methods="5"  coveredmethods="5" />
			<file name="view2.js"  path="./app/components/view2/view2.js" >
				<metrics statements="2"  coveredstatements="2"  conditionals="0"  coveredconditionals="0"  methods="2"  coveredmethods="2" />
				<line num="3"  count="1"  type="stmt" />
				<line num="6"  count="1"  type="stmt" />
			</file>
			<file name="view2_test.js"  path="./app/components/view2/view2_test.js" >
				<metrics statements="6"  coveredstatements="6"  conditionals="0"  coveredconditionals="0"  methods="3"  coveredmethods="3" />
				<line num="3"  count="1"  type="stmt" />
				<line num="5"  count="1"  type="stmt" />
				<line num="7"  count="1"  type="stmt" />
				<line num="9"  count="1"  type="stmt" />
				<line num="11"  count="1"  type="stmt" />
				<line num="12"  count="1"  type="stmt" />
			</file>
		</package>
	</project>
</coverage>
